[/home/matthew/cis118/week8/week8MatthewMorleyPracticeProg1Adult.cpp 2018-10-02 18:53:53.861]
/home/matthew/cis118/week8/week8MatthewMorleyPracticeProg1Adult.cpp:8:6: error: invalid preprocessing directive #Get
     #Get the user's name
      ^

[/home/matthew/cis118/week8/week8MatthewMorleyPracticeProg1Adult.cpp 2018-10-02 18:53:53.864]
/home/matthew/cis118/week8/week8MatthewMorleyPracticeProg1Adult.cpp:8:18: warning: missing terminating ' character
     #Get the user's name
                  ^
/home/matthew/cis118/week8/week8MatthewMorleyPracticeProg1Adult.cpp:12:6: error: invalid preprocessing directive #Get
     #Get the user's age
      ^
/home/matthew/cis118/week8/week8MatthewMorleyPracticeProg1Adult.cpp:12:18: warning: missing terminating ' character
     #Get the user's age
                  ^

[/home/matthew/cis118/week8/week8MatthewMorleyPracticeProg1Adult.cpp 2018-10-02 18:53:54.259]
/home/matthew/cis118/week8/week8MatthewMorleyPracticeProg1Adult.cpp: In function 'int main()':
/home/matthew/cis118/week8/week8MatthewMorleyPracticeProg1Adult.cpp:5:5: error: 'str' was not declared in this scope
     str firstName;
     ^

[/home/matthew/cis118/week8/week8MatthewMorleyPracticeProg1Adult.cpp 2018-10-02 18:53:54.259]
/home/matthew/cis118/week8/week8MatthewMorleyPracticeProg1Adult.cpp:9:5: error: expected initializer before 'cout'
     cout << "Enter your first name, please";
     ^

[/home/matthew/cis118/week8/week8MatthewMorleyPracticeProg1Adult.cpp 2018-10-02 18:53:54.260]
/home/matthew/cis118/week8/week8MatthewMorleyPracticeProg1Adult.cpp:10:12: error: 'firstName' was not declared in this scope
     cin >> firstName
            ^

[/home/matthew/cis118/week8/week8MatthewMorleyPracticeProg1Adult.cpp 2018-10-02 18:53:54.260]
/home/matthew/cis118/week8/week8MatthewMorleyPracticeProg1Adult.cpp:14:12: error: 'age' was not declared in this scope
     cin >> age
            ^

[/home/matthew/cis118/week8/week8MatthewMorleyPracticeProg1Adult.cpp 2018-10-02 18:53:54.261]
/home/matthew/cis118/week8/week8MatthewMorleyPracticeProg1Adult.cpp:17:5: error: 'else' without a previous 'if'
     else {  cout << firstName << ", you are not an adult."; }
     ^

[/home/matthew/cis118/week8/week8MatthewMorleyPracticeProg1Adult.cpp 2018-10-02 18:54:32.241]
/home/matthew/cis118/week8/week8MatthewMorleyPracticeProg1Adult.cpp:8:6: error: invalid preprocessing directive #Get
     #Get the users name
      ^
/home/matthew/cis118/week8/week8MatthewMorleyPracticeProg1Adult.cpp:12:6: error: invalid preprocessing directive #Get
     #Get the users age
      ^

[/home/matthew/cis118/week8/week8MatthewMorleyPracticeProg1Adult.cpp 2018-10-02 18:54:32.624]
/home/matthew/cis118/week8/week8MatthewMorleyPracticeProg1Adult.cpp: In function 'int main()':
/home/matthew/cis118/week8/week8MatthewMorleyPracticeProg1Adult.cpp:5:5: error: 'str' was not declared in this scope
     str firstName;
     ^

[/home/matthew/cis118/week8/week8MatthewMorleyPracticeProg1Adult.cpp 2018-10-02 18:54:32.624]
/home/matthew/cis118/week8/week8MatthewMorleyPracticeProg1Adult.cpp:10:12: error: 'firstName' was not declared in this scope
     cin >> firstName
            ^
/home/matthew/cis118/week8/week8MatthewMorleyPracticeProg1Adult.cpp:16:5: error: expected ';' before 'if'
     if age >= 15 { cout << firstName << ", you are an adult."; }
     ^
/home/matthew/cis118/week8/week8MatthewMorleyPracticeProg1Adult.cpp:17:5: error: 'else' without a previous 'if'
     else { cout << firstName << ", you are not an adult."; }
     ^

[/home/matthew/cis118/week8/week8MatthewMorleyPracticeProg1Adult.cpp 2018-10-02 18:54:46.195]
/home/matthew/cis118/week8/week8MatthewMorleyPracticeProg1Adult.cpp: In function 'int main()':
/home/matthew/cis118/week8/week8MatthewMorleyPracticeProg1Adult.cpp:5:5: error: 'str' was not declared in this scope
     str firstName;
     ^

[/home/matthew/cis118/week8/week8MatthewMorleyPracticeProg1Adult.cpp 2018-10-02 18:54:46.197]
/home/matthew/cis118/week8/week8MatthewMorleyPracticeProg1Adult.cpp:10:12: error: 'firstName' was not declared in this scope
     cin >> firstName
            ^

[/home/matthew/cis118/week8/week8MatthewMorleyPracticeProg1Adult.cpp 2018-10-02 18:54:46.199]
/home/matthew/cis118/week8/week8MatthewMorleyPracticeProg1Adult.cpp:16:5: error: expected ';' before 'if'
     if age >= 15 { cout << firstName << ", you are an adult."; }
     ^

[/home/matthew/cis118/week8/week8MatthewMorleyPracticeProg1Adult.cpp 2018-10-02 18:54:46.199]
/home/matthew/cis118/week8/week8MatthewMorleyPracticeProg1Adult.cpp:17:5: error: 'else' without a previous 'if'
     else { cout << firstName << ", you are not an adult."; }
     ^

[/home/matthew/cis118/week8/week8MatthewMorleyPracticeProg1Adult.cpp 2018-10-02 18:55:07.143]
/home/matthew/cis118/week8/week8MatthewMorleyPracticeProg1Adult.cpp: In function 'int main()':
/home/matthew/cis118/week8/week8MatthewMorleyPracticeProg1Adult.cpp:16:8: error: expected '(' before 'age'
     if age >= 15 { cout << firstName << ", you are an adult."; }
        ^
/home/matthew/cis118/week8/week8MatthewMorleyPracticeProg1Adult.cpp:17:5: error: 'else' without a previous 'if'
     else { cout << firstName << ", you are not an adult."; }
     ^

[/home/matthew/cis118/week8/Week8MatthewMorleyProg 3 Temp.cpp 2018-10-03 16:02:49.929]
/home/matthew/cis118/week8/Week8MatthewMorleyProg 3 Temp.cpp: In function 'int main()':
/home/matthew/cis118/week8/Week8MatthewMorleyProg 3 Temp.cpp:18:9: error: expected ';' before 'break'
         break
         ^

[/home/matthew/cis118/week8/Week8MatthewMorleyProg 3 Temp.cpp 2018-10-03 16:02:49.932]
/home/matthew/cis118/week8/Week8MatthewMorleyProg 3 Temp.cpp:22:24: error: 'tempOUt' was not declared in this scope
     if (choice == 1) { tempOUt = (tempIn * (9/5)) + 32 }
                        ^

[/home/matthew/cis118/week8/Week8MatthewMorleyProg 3 Temp.cpp 2018-10-03 16:02:55.999]
/home/matthew/cis118/week8/Week8MatthewMorleyProg 3 Temp.cpp: In function 'int main()':
/home/matthew/cis118/week8/Week8MatthewMorleyProg 3 Temp.cpp:18:9: error: expected ';' before 'break'
         break
         ^

[/home/matthew/cis118/week8/Week8MatthewMorleyProg 3 Temp.cpp 2018-10-03 16:02:56.000]
/home/matthew/cis118/week8/Week8MatthewMorleyProg 3 Temp.cpp:22:56: error: expected ';' before '}' token
     if (choice == 1) { tempOut = (tempIn * (9/5)) + 32 }
                                                        ^

[/home/matthew/cis118/week8/Week8MatthewMorleyProg 3 Temp.cpp 2018-10-03 16:03:08.035]
/home/matthew/cis118/week8/Week8MatthewMorleyProg 3 Temp.cpp: In function 'int main()':
/home/matthew/cis118/week8/Week8MatthewMorleyProg 3 Temp.cpp:18:9: error: break statement not within loop or switch
         break
         ^
/home/matthew/cis118/week8/Week8MatthewMorleyProg 3 Temp.cpp:19:5: error: expected ';' before '}' token
     }
     ^

[/home/matthew/cis118/week8/Week8MatthewMorleyProg 3 Temp.cpp 2018-10-03 16:05:48.031]
/home/matthew/cis118/week8/Week8MatthewMorleyProg 3 Temp.cpp: In function 'int main()':
/home/matthew/cis118/week8/Week8MatthewMorleyProg 3 Temp.cpp:23:33: warning: division by zero [-Wdiv-by-zero]
     else { tempOut = (tempIn-32)/(5/9);}
                                 ^

[/home/matthew/cis118/week8/Week8MatthewMorleyProg 3 Temp.cpp 2018-10-03 16:28:50.583]
/home/matthew/cis118/week8/Week8MatthewMorleyProg 3 Temp.cpp: In function 'int main()':
/home/matthew/cis118/week8/Week8MatthewMorleyProg 3 Temp.cpp:23:33: warning: division by zero [-Wdiv-by-zero]
     else { tempOut = (tempIn-32)/(5/9);}
                                 ^

[/home/matthew/cis118/week8/Week8MatthewMorleyProg 3 Temp.cpp 2018-10-03 16:29:22.508]
/home/matthew/cis118/week8/Week8MatthewMorleyProg 3 Temp.cpp: In function 'int main()':
/home/matthew/cis118/week8/Week8MatthewMorleyProg 3 Temp.cpp:23:33: warning: division by zero [-Wdiv-by-zero]
     else { tempOut = (tempIn-32)/(5/9);}
                                 ^

[/home/matthew/cis118/week8/Week8MatthewMorleyProg 3 Temp.cpp 2018-10-03 16:29:34.765]
/home/matthew/cis118/week8/Week8MatthewMorleyProg 3 Temp.cpp: In function 'int main()':
/home/matthew/cis118/week8/Week8MatthewMorleyProg 3 Temp.cpp:23:33: warning: division by zero [-Wdiv-by-zero]
     else { tempOut = (tempIn-32)/(5/9);}
                                 ^

[/home/matthew/cis118/week8/Week8MatthewMorleyProg 3 Temp.cpp 2018-10-03 16:30:41.813]
/home/matthew/cis118/week8/Week8MatthewMorleyProg 3 Temp.cpp: In function 'int main()':
/home/matthew/cis118/week8/Week8MatthewMorleyProg 3 Temp.cpp:23:33: warning: division by zero [-Wdiv-by-zero]
     else { tempOut = (tempIn-32)/(5/9);}
                                 ^

[/home/matthew/cis118/week8/Week8MatthewMorleyProg 3 Temp.cpp 2018-10-03 16:31:19.533]
/home/matthew/cis118/week8/Week8MatthewMorleyProg 3 Temp.cpp: In function 'int main()':
/home/matthew/cis118/week8/Week8MatthewMorleyProg 3 Temp.cpp:23:33: warning: division by zero [-Wdiv-by-zero]
     else { tempOut = (tempIn-32)/(5/9);}
                                 ^

[/home/matthew/cis118/week8/Week8MatthewMorleyProg 3 Temp.cpp 2018-10-03 16:32:13.241]
/home/matthew/cis118/week8/Week8MatthewMorleyProg 3 Temp.cpp: In function 'int main()':
/home/matthew/cis118/week8/Week8MatthewMorleyProg 3 Temp.cpp:12:5: error: expected ';' before 'cout'
     cout << "What do you want to convert? (1) Centigrade to Fahrenheit, or (2) F to C? \n";
     ^

[/home/matthew/cis118/week8/Week8MatthewMorleyProg 3 Temp.cpp 2018-10-03 16:32:13.243]
/home/matthew/cis118/week8/Week8MatthewMorleyProg 3 Temp.cpp:25:33: warning: division by zero [-Wdiv-by-zero]
     else { tempOut = (tempIn-32)/(5/9);}
                                 ^

[/home/matthew/cis118/week8/Week8MatthewMorleyProg 3 Temp.cpp 2018-10-03 16:32:24.734]
/home/matthew/cis118/week8/Week8MatthewMorleyProg 3 Temp.cpp: In function 'int main()':
/home/matthew/cis118/week8/Week8MatthewMorleyProg 3 Temp.cpp:25:33: warning: division by zero [-Wdiv-by-zero]
     else { tempOut = (tempIn-32)/(5/9);}
                                 ^

[/home/matthew/cis118/week8/Week8MatthewMorleyProg 3 Temp.cpp 2018-10-03 16:33:16.267]
/home/matthew/cis118/week8/Week8MatthewMorleyProg 3 Temp.cpp: In function 'int main()':
/home/matthew/cis118/week8/Week8MatthewMorleyProg 3 Temp.cpp:25:33: warning: division by zero [-Wdiv-by-zero]
     else { tempOut = (tempIn-32)/(5/9);}
                                 ^

[/home/matthew/cis118/week8/Week8MatthewMorleyProg 3 Temp.cpp 2018-10-03 16:33:46.097]
/home/matthew/cis118/week8/Week8MatthewMorleyProg 3 Temp.cpp: In function 'int main()':
/home/matthew/cis118/week8/Week8MatthewMorleyProg 3 Temp.cpp:25:33: warning: division by zero [-Wdiv-by-zero]
     else { tempOut = (tempIn-32)/(5/9);}
                                 ^

[/home/matthew/cis118/week8/Week8MatthewMorleyProg 3 Temp.cpp 2018-10-03 16:37:34.314]
/home/matthew/cis118/week8/Week8MatthewMorleyProg 3 Temp.cpp: In function 'int main()':
/home/matthew/cis118/week8/Week8MatthewMorleyProg 3 Temp.cpp:26:33: warning: division by zero [-Wdiv-by-zero]
     else { tempOut = (tempIn-32)/(5/9);}
                                 ^

[/home/matthew/cis118/week8/Week8MatthewMorleyProg 3 Temp.cpp 2018-10-03 16:37:56.831]
/home/matthew/cis118/week8/Week8MatthewMorleyProg 3 Temp.cpp: In function 'int main()':
/home/matthew/cis118/week8/Week8MatthewMorleyProg 3 Temp.cpp:26:33: warning: division by zero [-Wdiv-by-zero]
     else { tempOut = (tempIn-32)/(5/9);}
                                 ^

[/home/matthew/cis118/week8/Week8MatthewMorleyProg 3 Temp.cpp 2018-10-03 16:38:02.423]
/home/matthew/cis118/week8/Week8MatthewMorleyProg 3 Temp.cpp: In function 'int main()':
/home/matthew/cis118/week8/Week8MatthewMorleyProg 3 Temp.cpp:26:33: warning: division by zero [-Wdiv-by-zero]
     else { tempOut = (tempIn-32)/(5/9);}
                                 ^

[/home/matthew/cis118/week8/Week8MatthewMorleyProg 3 Temp.cpp 2018-10-03 16:38:10.799]
/home/matthew/cis118/week8/Week8MatthewMorleyProg 3 Temp.cpp: In function 'int main()':
/home/matthew/cis118/week8/Week8MatthewMorleyProg 3 Temp.cpp:26:33: warning: division by zero [-Wdiv-by-zero]
     else { tempOut = (tempIn-32)/(5/9);}
                                 ^

[/home/matthew/cis118/week8/Week8MatthewMorleyProg 3 Temp.cpp 2018-10-03 16:38:45.232]
/home/matthew/cis118/week8/Week8MatthewMorleyProg 3 Temp.cpp: In function 'int main()':
/home/matthew/cis118/week8/Week8MatthewMorleyProg 3 Temp.cpp:26:33: warning: division by zero [-Wdiv-by-zero]
     else { tempOut = (tempIn-32)/(5/9);}
                                 ^

[/home/matthew/cis118/week8/Week8MatthewMorleyProg 3 Temp.cpp 2018-10-03 16:38:51.629]
/home/matthew/cis118/week8/Week8MatthewMorleyProg 3 Temp.cpp: In function 'int main()':
/home/matthew/cis118/week8/Week8MatthewMorleyProg 3 Temp.cpp:26:33: warning: division by zero [-Wdiv-by-zero]
     else { tempOut = (tempIn-32)/(5/9);}
                                 ^

[/home/matthew/cis118/week8/Week8MatthewMorleyProg 3 Temp.cpp 2018-10-03 16:39:19.738]
/home/matthew/cis118/week8/Week8MatthewMorleyProg 3 Temp.cpp: In function 'int main()':
/home/matthew/cis118/week8/Week8MatthewMorleyProg 3 Temp.cpp:14:9: error: no match for 'operator>>' (operand types are 'std::istream {aka std::basic_istream<char>}' and 'float')
     cin >> float(choice);
         ^

[/home/matthew/cis118/week8/Week8MatthewMorleyProg 3 Temp.cpp 2018-10-03 16:39:19.739]
In file included from /usr/include/c++/5/iostream:40:0,
                 from /home/matthew/cis118/week8/Week8MatthewMorleyProg 3 Temp.cpp:1:
/usr/include/c++/5/istream:168:7: note: candidate: std::basic_istream<_CharT, _Traits>::__istream_type& std::basic_istream<_CharT, _Traits>::operator>>(bool&) [with _CharT = char; _Traits = std::char_traits<char>; std::basic_istream<_CharT, _Traits>::__istream_type = std::basic_istream<char>] <near match>
       operator>>(bool& __n)
       ^
/usr/include/c++/5/istream:168:7: note:   conversion of argument 1 would be ill-formed:
/home/matthew/cis118/week8/Week8MatthewMorleyProg 3 Temp.cpp:14:24: error: invalid initialization of non-const reference of type 'bool&' from an rvalue of type 'bool'
     cin >> float(choice);
                        ^
In file included from /usr/include/c++/5/iostream:40:0,
                 from /home/matthew/cis118/week8/Week8MatthewMorleyProg 3 Temp.cpp:1:
/usr/include/c++/5/istream:172:7: note: candidate: std::basic_istream<_CharT, _Traits>& std::basic_istream<_CharT, _Traits>::operator>>(short int&) [with _CharT = char; _Traits = std::char_traits<char>] <near match>
       operator>>(short& __n);
       ^
/usr/include/c++/5/istream:172:7: note:   conversion of argument 1 would be ill-formed:
/home/matthew/cis118/week8/Week8MatthewMorleyProg 3 Temp.cpp:14:24: error: invalid initialization of non-const reference of type 'short int&' from an rvalue of type 'short int'
     cin >> float(choice);
                        ^
In file included from /usr/include/c++/5/iostream:40:0,
                 from /home/matthew/cis118/week8/Week8MatthewMorleyProg 3 Temp.cpp:1:
/usr/include/c++/5/istream:175:7: note: candidate: std::basic_istream<_CharT, _Traits>::__istream_type& std::basic_istream<_CharT, _Traits>::operator>>(short unsigned int&) [with _CharT = char; _Traits = std::char_traits<char>; std::basic_istream<_CharT, _Traits>::__istream_type = std::basic_istream<char>] <near match>
       operator>>(unsigned short& __n)
       ^
/usr/include/c++/5/istream:175:7: note:   conversion of argument 1 would be ill-formed:
/home/matthew/cis118/week8/Week8MatthewMorleyProg 3 Temp.cpp:14:24: error: invalid initialization of non-const reference of type 'short unsigned int&' from an rvalue of type 'short unsigned int'
     cin >> float(choice);
                        ^
In file included from /usr/include/c++/5/iostream:40:0,
                 from /home/matthew/cis118/week8/Week8MatthewMorleyProg 3 Temp.cpp:1:
/usr/include/c++/5/istream:179:7: note: candidate: std::basic_istream<_CharT, _Traits>& std::basic_istream<_CharT, _Traits>::operator>>(int&) [with _CharT = char; _Traits = std::char_traits<char>] <near match>
       operator>>(int& __n);
       ^
/usr/include/c++/5/istream:179:7: note:   conversion of argument 1 would be ill-formed:
/home/matthew/cis118/week8/Week8MatthewMorleyProg 3 Temp.cpp:14:24: error: invalid initialization of non-const reference of type 'int&' from an rvalue of type 'int'
     cin >> float(choice);
                        ^
In file included from /usr/include/c++/5/iostream:40:0,
                 from /home/matthew/cis118/week8/Week8MatthewMorleyProg 3 Temp.cpp:1:
/usr/include/c++/5/istream:182:7: note: candidate: std::basic_istream<_CharT, _Traits>::__istream_type& std::basic_istream<_CharT, _Traits>::operator>>(unsigned int&) [with _CharT = char; _Traits = std::char_traits<char>; std::basic_istream<_CharT, _Traits>::__istream_type = std::basic_istream<char>] <near match>
       operator>>(unsigned int& __n)
       ^
/usr/include/c++/5/istream:182:7: note:   conversion of argument 1 would be ill-formed:
/home/matthew/cis118/week8/Week8MatthewMorleyProg 3 Temp.cpp:14:24: error: invalid initialization of non-const reference of type 'unsigned int&' from an rvalue of type 'unsigned int'
     cin >> float(choice);
                        ^

[/home/matthew/cis118/week8/Week8MatthewMorleyProg 3 Temp.cpp 2018-10-03 16:39:19.739]
In file included from /usr/include/c++/5/iostream:40:0,
                 from /home/matthew/cis118/week8/Week8MatthewMorleyProg 3 Temp.cpp:1:
/usr/include/c++/5/istream:186:7: note: candidate: std::basic_istream<_CharT, _Traits>::__istream_type& std::basic_istream<_CharT, _Traits>::operator>>(long int&) [with _CharT = char; _Traits = std::char_traits<char>; std::basic_istream<_CharT, _Traits>::__istream_type = std::basic_istream<char>] <near match>
       operator>>(long& __n)
       ^
/usr/include/c++/5/istream:186:7: note:   conversion of argument 1 would be ill-formed:
/home/matthew/cis118/week8/Week8MatthewMorleyProg 3 Temp.cpp:14:24: error: invalid initialization of non-const reference of type 'long int&' from an rvalue of type 'long int'
     cin >> float(choice);
                        ^
In file included from /usr/include/c++/5/iostream:40:0,
                 from /home/matthew/cis118/week8/Week8MatthewMorleyProg 3 Temp.cpp:1:
/usr/include/c++/5/istream:190:7: note: candidate: std::basic_istream<_CharT, _Traits>::__istream_type& std::basic_istream<_CharT, _Traits>::operator>>(long unsigned int&) [with _CharT = char; _Traits = std::char_traits<char>; std::basic_istream<_CharT, _Traits>::__istream_type = std::basic_istream<char>] <near match>
       operator>>(unsigned long& __n)
       ^
/usr/include/c++/5/istream:190:7: note:   conversion of argument 1 would be ill-formed:
/home/matthew/cis118/week8/Week8MatthewMorleyProg 3 Temp.cpp:14:24: error: invalid initialization of non-const reference of type 'long unsigned int&' from an rvalue of type 'long unsigned int'
     cin >> float(choice);
                        ^
In file included from /usr/include/c++/5/iostream:40:0,
                 from /home/matthew/cis118/week8/Week8MatthewMorleyProg 3 Temp.cpp:1:
/usr/include/c++/5/istream:195:7: note: candidate: std::basic_istream<_CharT, _Traits>::__istream_type& std::basic_istream<_CharT, _Traits>::operator>>(long long int&) [with _CharT = char; _Traits = std::char_traits<char>; std::basic_istream<_CharT, _Traits>::__istream_type = std::basic_istream<char>] <near match>
       operator>>(long long& __n)
       ^
/usr/include/c++/5/istream:195:7: note:   conversion of argument 1 would be ill-formed:
/home/matthew/cis118/week8/Week8MatthewMorleyProg 3 Temp.cpp:14:24: error: invalid initialization of non-const reference of type 'long long int&' from an rvalue of type 'long long int'
     cin >> float(choice);
                        ^
In file included from /usr/include/c++/5/iostream:40:0,
                 from /home/matthew/cis118/week8/Week8MatthewMorleyProg 3 Temp.cpp:1:
/usr/include/c++/5/istream:199:7: note: candidate: std::basic_istream<_CharT, _Traits>::__istream_type& std::basic_istream<_CharT, _Traits>::operator>>(long long unsigned int&) [with _CharT = char; _Traits = std::char_traits<char>; std::basic_istream<_CharT, _Traits>::__istream_type = std::basic_istream<char>] <near match>
       operator>>(unsigned long long& __n)
       ^
/usr/include/c++/5/istream:199:7: note:   conversion of argument 1 would be ill-formed:
/home/matthew/cis118/week8/Week8MatthewMorleyProg 3 Temp.cpp:14:24: error: invalid initialization of non-const reference of type 'long long unsigned int&' from an rvalue of type 'long long unsigned int'
     cin >> float(choice);
                        ^
In file included from /usr/include/c++/5/iostream:40:0,
                 from /home/matthew/cis118/week8/Week8MatthewMorleyProg 3 Temp.cpp:1:
/usr/include/c++/5/istream:214:7: note: candidate: std::basic_istream<_CharT, _Traits>::__istream_type& std::basic_istream<_CharT, _Traits>::operator>>(float&) [with _CharT = char; _Traits = std::char_traits<char>; std::basic_istream<_CharT, _Traits>::__istream_type = std::basic_istream<char>] <near match>
       operator>>(float& __f)
       ^
/usr/include/c++/5/istream:214:7: note:   conversion of argument 1 would be ill-formed:
/home/matthew/cis118/week8/Week8MatthewMorleyProg 3 Temp.cpp:14:24: error: invalid initialization of non-const reference of type 'float&' from an rvalue of type 'float'
     cin >> float(choice);
                        ^
In file included from /usr/include/c++/5/iostream:40:0,
                 from /home/matthew/cis118/week8/Week8MatthewMorleyProg 3 Temp.cpp:1:
/usr/include/c++/5/istream:218:7: note: candidate: std::basic_istream<_CharT, _Traits>::__istream_type& std::basic_istream<_CharT, _Traits>::operator>>(double&) [with _CharT = char; _Traits = std::char_traits<char>; std::basic_istream<_CharT, _Traits>::__istream_type = std::basic_istream<char>] <near match>
       operator>>(double& __f)
       ^
/usr/include/c++/5/istream:218:7: note:   conversion of argument 1 would be ill-formed:
/home/matthew/cis118/week8/Week8MatthewMorleyProg 3 Temp.cpp:14:24: error: invalid initialization of non-const reference of type 'double&' from an rvalue of type 'double'
     cin >> float(choice);
                        ^

[/home/matthew/cis118/week8/Week8MatthewMorleyProg 3 Temp.cpp 2018-10-03 16:39:19.740]
In file included from /usr/include/c++/5/iostream:40:0,
                 from /home/matthew/cis118/week8/Week8MatthewMorleyProg 3 Temp.cpp:1:
/usr/include/c++/5/istream:222:7: note: candidate: std::basic_istream<_CharT, _Traits>::__istream_type& std::basic_istream<_CharT, _Traits>::operator>>(long double&) [with _CharT = char; _Traits = std::char_traits<char>; std::basic_istream<_CharT, _Traits>::__istream_type = std::basic_istream<char>] <near match>
       operator>>(long double& __f)
       ^
/usr/include/c++/5/istream:222:7: note:   conversion of argument 1 would be ill-formed:
/home/matthew/cis118/week8/Week8MatthewMorleyProg 3 Temp.cpp:14:24: error: invalid initialization of non-const reference of type 'long double&' from an rvalue of type 'long double'
     cin >> float(choice);
                        ^
In file included from /usr/include/c++/5/iostream:40:0,
                 from /home/matthew/cis118/week8/Week8MatthewMorleyProg 3 Temp.cpp:1:
/usr/include/c++/5/istream:120:7: note: candidate: std::basic_istream<_CharT, _Traits>::__istream_type& std::basic_istream<_CharT, _Traits>::operator>>(std::basic_istream<_CharT, _Traits>::__istream_type& (*)(std::basic_istream<_CharT, _Traits>::__istream_type&)) [with _CharT = char; _Traits = std::char_traits<char>; std::basic_istream<_CharT, _Traits>::__istream_type = std::basic_istream<char>]
       operator>>(__istream_type& (*__pf)(__istream_type&))
       ^
/usr/include/c++/5/istream:120:7: note:   no known conversion for argument 1 from 'float' to 'std::basic_istream<char>::__istream_type& (*)(std::basic_istream<char>::__istream_type&) {aka std::basic_istream<char>& (*)(std::basic_istream<char>&)}'
/usr/include/c++/5/istream:124:7: note: candidate: std::basic_istream<_CharT, _Traits>::__istream_type& std::basic_istream<_CharT, _Traits>::operator>>(std::basic_istream<_CharT, _Traits>::__ios_type& (*)(std::basic_istream<_CharT, _Traits>::__ios_type&)) [with _CharT = char; _Traits = std::char_traits<char>; std::basic_istream<_CharT, _Traits>::__istream_type = std::basic_istream<char>; std::basic_istream<_CharT, _Traits>::__ios_type = std::basic_ios<char>]
       operator>>(__ios_type& (*__pf)(__ios_type&))
       ^
/usr/include/c++/5/istream:124:7: note:   no known conversion for argument 1 from 'float' to 'std::basic_istream<char>::__ios_type& (*)(std::basic_istream<char>::__ios_type&) {aka std::basic_ios<char>& (*)(std::basic_ios<char>&)}'
/usr/include/c++/5/istream:131:7: note: candidate: std::basic_istream<_CharT, _Traits>::__istream_type& std::basic_istream<_CharT, _Traits>::operator>>(std::ios_base& (*)(std::ios_base&)) [with _CharT = char; _Traits = std::char_traits<char>; std::basic_istream<_CharT, _Traits>::__istream_type = std::basic_istream<char>]
       operator>>(ios_base& (*__pf)(ios_base&))
       ^
/usr/include/c++/5/istream:131:7: note:   no known conversion for argument 1 from 'float' to 'std::ios_base& (*)(std::ios_base&)'
/usr/include/c++/5/istream:235:7: note: candidate: std::basic_istream<_CharT, _Traits>::__istream_type& std::basic_istream<_CharT, _Traits>::operator>>(void*&) [with _CharT = char; _Traits = std::char_traits<char>; std::basic_istream<_CharT, _Traits>::__istream_type = std::basic_istream<char>]
       operator>>(void*& __p)
       ^
/usr/include/c++/5/istream:235:7: note:   no known conversion for argument 1 from 'float' to 'void*&'
/usr/include/c++/5/istream:259:7: note: candidate: std::basic_istream<_CharT, _Traits>& std::basic_istream<_CharT, _Traits>::operator>>(std::basic_istream<_CharT, _Traits>::__streambuf_type*) [with _CharT = char; _Traits = std::char_traits<char>; std::basic_istream<_CharT, _Traits>::__streambuf_type = std::basic_streambuf<char>]
       operator>>(__streambuf_type* __sb);
       ^
/usr/include/c++/5/istream:259:7: note:   no known conversion for argument 1 from 'float' to 'std::basic_istream<char>::__streambuf_type* {aka std::basic_streambuf<char>*}'

[/home/matthew/cis118/week8/Week8MatthewMorleyProg 3 Temp.cpp 2018-10-03 16:39:19.740]
In file included from /usr/include/c++/5/string:53:0,
                 from /usr/include/c++/5/bits/locale_classes.h:40,
                 from /usr/include/c++/5/bits/ios_base.h:41,
                 from /usr/include/c++/5/ios:42,
                 from /usr/include/c++/5/ostream:38,
                 from /usr/include/c++/5/iostream:39,
                 from /home/matthew/cis118/week8/Week8MatthewMorleyProg 3 Temp.cpp:1:
/usr/include/c++/5/bits/basic_string.tcc:1441:5: note: candidate: template<class _CharT, class _Traits, class _Alloc> std::basic_istream<_CharT, _Traits>& std::operator>>(std::basic_istream<_CharT, _Traits>&, std::__cxx11::basic_string<_CharT, _Traits, _Alloc>&)
     operator>>(basic_istream<_CharT, _Traits>& __in,
     ^
/usr/include/c++/5/bits/basic_string.tcc:1441:5: note:   template argument deduction/substitution failed:
/home/matthew/cis118/week8/Week8MatthewMorleyProg 3 Temp.cpp:14:24: note:   mismatched types 'std::__cxx11::basic_string<_CharT, _Traits, _Alloc>' and 'float'
     cin >> float(choice);
                        ^

[/home/matthew/cis118/week8/Week8MatthewMorleyProg 3 Temp.cpp 2018-10-03 16:39:19.741]
In file included from /usr/include/c++/5/istream:934:0,
                 from /usr/include/c++/5/iostream:40,
                 from /home/matthew/cis118/week8/Week8MatthewMorleyProg 3 Temp.cpp:1:
/usr/include/c++/5/bits/istream.tcc:955:5: note: candidate: template<class _CharT2, class _Traits2> std::basic_istream<_CharT, _Traits>& std::operator>>(std::basic_istream<_CharT, _Traits>&, _CharT2*)
     operator>>(basic_istream<_CharT, _Traits>& __in, _CharT* __s)
     ^
/usr/include/c++/5/bits/istream.tcc:955:5: note:   template argument deduction/substitution failed:
/home/matthew/cis118/week8/Week8MatthewMorleyProg 3 Temp.cpp:14:24: note:   mismatched types '_CharT2*' and 'float'
     cin >> float(choice);
                        ^
In file included from /usr/include/c++/5/istream:934:0,
                 from /usr/include/c++/5/iostream:40,
                 from /home/matthew/cis118/week8/Week8MatthewMorleyProg 3 Temp.cpp:1:
/usr/include/c++/5/bits/istream.tcc:923:5: note: candidate: template<class _CharT, class _Traits> std::basic_istream<_CharT, _Traits>& std::operator>>(std::basic_istream<_CharT, _Traits>&, _CharT&)
     operator>>(basic_istream<_CharT, _Traits>& __in, _CharT& __c)
     ^
/usr/include/c++/5/bits/istream.tcc:923:5: note:   template argument deduction/substitution failed:
/home/matthew/cis118/week8/Week8MatthewMorleyProg 3 Temp.cpp:14:24: note:   deduced conflicting types for parameter '_CharT' ('char' and 'float')
     cin >> float(choice);
                        ^
In file included from /usr/include/c++/5/iostream:40:0,
                 from /home/matthew/cis118/week8/Week8MatthewMorleyProg 3 Temp.cpp:1:
/usr/include/c++/5/istream:756:5: note: candidate: template<class _Traits> std::basic_istream<char, _Traits>& std::operator>>(std::basic_istream<char, _Traits>&, unsigned char&)
     operator>>(basic_istream<char, _Traits>& __in, unsigned char& __c)
     ^
/usr/include/c++/5/istream:756:5: note:   template argument deduction/substitution failed:
/home/matthew/cis118/week8/Week8MatthewMorleyProg 3 Temp.cpp:14:24: note:   cannot convert '(float)choice' (type 'float') to type 'unsigned char&'
     cin >> float(choice);
                        ^
In file included from /usr/include/c++/5/iostream:40:0,
                 from /home/matthew/cis118/week8/Week8MatthewMorleyProg 3 Temp.cpp:1:
/usr/include/c++/5/istream:761:5: note: candidate: template<class _Traits> std::basic_istream<char, _Traits>& std::operator>>(std::basic_istream<char, _Traits>&, signed char&)
     operator>>(basic_istream<char, _Traits>& __in, signed char& __c)
     ^

[/home/matthew/cis118/week8/Week8MatthewMorleyProg 3 Temp.cpp 2018-10-03 16:39:19.741]
/usr/include/c++/5/istream:761:5: note:   template argument deduction/substitution failed:
/home/matthew/cis118/week8/Week8MatthewMorleyProg 3 Temp.cpp:14:24: note:   cannot convert '(float)choice' (type 'float') to type 'signed char&'
     cin >> float(choice);
                        ^
In file included from /usr/include/c++/5/iostream:40:0,
                 from /home/matthew/cis118/week8/Week8MatthewMorleyProg 3 Temp.cpp:1:
/usr/include/c++/5/istream:803:5: note: candidate: template<class _Traits> std::basic_istream<char, _Traits>& std::operator>>(std::basic_istream<char, _Traits>&, unsigned char*)
     operator>>(basic_istream<char, _Traits>& __in, unsigned char* __s)
     ^
/usr/include/c++/5/istream:803:5: note:   template argument deduction/substitution failed:
/home/matthew/cis118/week8/Week8MatthewMorleyProg 3 Temp.cpp:14:24: note:   cannot convert '(float)choice' (type 'float') to type 'unsigned char*'
     cin >> float(choice);
                        ^
In file included from /usr/include/c++/5/iostream:40:0,
                 from /home/matthew/cis118/week8/Week8MatthewMorleyProg 3 Temp.cpp:1:
/usr/include/c++/5/istream:808:5: note: candidate: template<class _Traits> std::basic_istream<char, _Traits>& std::operator>>(std::basic_istream<char, _Traits>&, signed char*)
     operator>>(basic_istream<char, _Traits>& __in, signed char* __s)
     ^
/usr/include/c++/5/istream:808:5: note:   template argument deduction/substitution failed:
/home/matthew/cis118/week8/Week8MatthewMorleyProg 3 Temp.cpp:14:24: note:   cannot convert '(float)choice' (type 'float') to type 'signed char*'
     cin >> float(choice);
                        ^
In file included from /home/matthew/cis118/week8/Week8MatthewMorleyProg 3 Temp.cpp:2:0:
/usr/include/c++/5/iomanip:71:5: note: candidate: template<class _CharT, class _Traits> std::basic_istream<_CharT, _Traits>& std::operator>>(std::basic_istream<_CharT, _Traits>&, std::_Resetiosflags)
     operator>>(basic_istream<_CharT, _Traits>& __is, _Resetiosflags __f)
     ^
/usr/include/c++/5/iomanip:71:5: note:   template argument deduction/substitution failed:
/home/matthew/cis118/week8/Week8MatthewMorleyProg 3 Temp.cpp:14:24: note:   cannot convert '(float)choice' (type 'float') to type 'std::_Resetiosflags'
     cin >> float(choice);
                        ^
In file included from /home/matthew/cis118/week8/Week8MatthewMorleyProg 3 Temp.cpp:2:0:
/usr/include/c++/5/iomanip:101:5: note: candidate: template<class _CharT, class _Traits> std::basic_istream<_CharT, _Traits>& std::operator>>(std::basic_istream<_CharT, _Traits>&, std::_Setiosflags)
     operator>>(basic_istream<_CharT, _Traits>& __is, _Setiosflags __f)
     ^
/usr/include/c++/5/iomanip:101:5: note:   template argument deduction/substitution failed:

[/home/matthew/cis118/week8/Week8MatthewMorleyProg 3 Temp.cpp 2018-10-03 16:39:19.742]
/home/matthew/cis118/week8/Week8MatthewMorleyProg 3 Temp.cpp:14:24: note:   cannot convert '(float)choice' (type 'float') to type 'std::_Setiosflags'
     cin >> float(choice);
                        ^
In file included from /home/matthew/cis118/week8/Week8MatthewMorleyProg 3 Temp.cpp:2:0:
/usr/include/c++/5/iomanip:132:5: note: candidate: template<class _CharT, class _Traits> std::basic_istream<_CharT, _Traits>& std::operator>>(std::basic_istream<_CharT, _Traits>&, std::_Setbase)
     operator>>(basic_istream<_CharT, _Traits>& __is, _Setbase __f)
     ^
/usr/include/c++/5/iomanip:132:5: note:   template argument deduction/substitution failed:
/home/matthew/cis118/week8/Week8MatthewMorleyProg 3 Temp.cpp:14:24: note:   cannot convert '(float)choice' (type 'float') to type 'std::_Setbase'
     cin >> float(choice);
                        ^
In file included from /home/matthew/cis118/week8/Week8MatthewMorleyProg 3 Temp.cpp:2:0:
/usr/include/c++/5/iomanip:170:5: note: candidate: template<class _CharT, class _Traits> std::basic_istream<_CharT, _Traits>& std::operator>>(std::basic_istream<_CharT, _Traits>&, std::_Setfill<_CharT>)
     operator>>(basic_istream<_CharT, _Traits>& __is, _Setfill<_CharT> __f)
     ^
/usr/include/c++/5/iomanip:170:5: note:   template argument deduction/substitution failed:
/home/matthew/cis118/week8/Week8MatthewMorleyProg 3 Temp.cpp:14:24: note:   mismatched types 'std::_Setfill<_CharT>' and 'float'
     cin >> float(choice);
                        ^
In file included from /home/matthew/cis118/week8/Week8MatthewMorleyProg 3 Temp.cpp:2:0:
/usr/include/c++/5/iomanip:200:5: note: candidate: template<class _CharT, class _Traits> std::basic_istream<_CharT, _Traits>& std::operator>>(std::basic_istream<_CharT, _Traits>&, std::_Setprecision)
     operator>>(basic_istream<_CharT, _Traits>& __is, _Setprecision __f)
     ^
/usr/include/c++/5/iomanip:200:5: note:   template argument deduction/substitution failed:
/home/matthew/cis118/week8/Week8MatthewMorleyProg 3 Temp.cpp:14:24: note:   cannot convert '(float)choice' (type 'float') to type 'std::_Setprecision'
     cin >> float(choice);
                        ^
In file included from /home/matthew/cis118/week8/Week8MatthewMorleyProg 3 Temp.cpp:2:0:
/usr/include/c++/5/iomanip:230:5: note: candidate: template<class _CharT, class _Traits> std::basic_istream<_CharT, _Traits>& std::operator>>(std::basic_istream<_CharT, _Traits>&, std::_Setw)
     operator>>(basic_istream<_CharT, _Traits>& __is, _Setw __f)
     ^
/usr/include/c++/5/iomanip:230:5: note:   template argument deduction/substitution failed:
/home/matthew/cis118/week8/Week8MatthewMorleyProg 3 Temp.cpp:14:24: note:   cannot convert '(float)choice' (type 'float') to type 'std::_Setw'
     cin >> float(choice);
                        ^

[/home/matthew/cis118/week8/Week8MatthewMorleyProg 3 Temp.cpp 2018-10-03 16:39:19.742]
/home/matthew/cis118/week8/Week8MatthewMorleyProg 3 Temp.cpp:18:5: error: expected ';' before 'if'
     if (choice == 1) { cout << "How many degrees C is the temperature? "; }
     ^
/home/matthew/cis118/week8/Week8MatthewMorleyProg 3 Temp.cpp:19:5: error: 'else' without a previous 'if'
     else if (choice == 2) { cout << "How many degrees F is the temperature? "; }
     ^

[/home/matthew/cis118/week8/Week8MatthewMorleyProg 3 Temp.cpp 2018-10-03 16:39:19.746]
/home/matthew/cis118/week8/Week8MatthewMorleyProg 3 Temp.cpp:27:33: warning: division by zero [-Wdiv-by-zero]
     else { tempOut = (tempIn-32)/(5/9);}
                                 ^

[/home/matthew/cis118/week8/Week8MatthewMorleyProg 3 Temp.cpp 2018-10-03 16:39:30.929]
/home/matthew/cis118/week8/Week8MatthewMorleyProg 3 Temp.cpp: In function 'int main()':
/home/matthew/cis118/week8/Week8MatthewMorleyProg 3 Temp.cpp:14:9: error: no match for 'operator>>' (operand types are 'std::istream {aka std::basic_istream<char>}' and 'float')
     cin >> float(choice);
         ^
In file included from /usr/include/c++/5/iostream:40:0,
                 from /home/matthew/cis118/week8/Week8MatthewMorleyProg 3 Temp.cpp:1:
/usr/include/c++/5/istream:168:7: note: candidate: std::basic_istream<_CharT, _Traits>::__istream_type& std::basic_istream<_CharT, _Traits>::operator>>(bool&) [with _CharT = char; _Traits = std::char_traits<char>; std::basic_istream<_CharT, _Traits>::__istream_type = std::basic_istream<char>] <near match>
       operator>>(bool& __n)
       ^
/usr/include/c++/5/istream:168:7: note:   conversion of argument 1 would be ill-formed:
/home/matthew/cis118/week8/Week8MatthewMorleyProg 3 Temp.cpp:14:24: error: invalid initialization of non-const reference of type 'bool&' from an rvalue of type 'bool'
     cin >> float(choice);
                        ^
In file included from /usr/include/c++/5/iostream:40:0,
                 from /home/matthew/cis118/week8/Week8MatthewMorleyProg 3 Temp.cpp:1:
/usr/include/c++/5/istream:172:7: note: candidate: std::basic_istream<_CharT, _Traits>& std::basic_istream<_CharT, _Traits>::operator>>(short int&) [with _CharT = char; _Traits = std::char_traits<char>] <near match>
       operator>>(short& __n);
       ^
/usr/include/c++/5/istream:172:7: note:   conversion of argument 1 would be ill-formed:
/home/matthew/cis118/week8/Week8MatthewMorleyProg 3 Temp.cpp:14:24: error: invalid initialization of non-const reference of type 'short int&' from an rvalue of type 'short int'
     cin >> float(choice);
                        ^
In file included from /usr/include/c++/5/iostream:40:0,
                 from /home/matthew/cis118/week8/Week8MatthewMorleyProg 3 Temp.cpp:1:
/usr/include/c++/5/istream:175:7: note: candidate: std::basic_istream<_CharT, _Traits>::__istream_type& std::basic_istream<_CharT, _Traits>::operator>>(short unsigned int&) [with _CharT = char; _Traits = std::char_traits<char>; std::basic_istream<_CharT, _Traits>::__istream_type = std::basic_istream<char>] <near match>
       operator>>(unsigned short& __n)
       ^
/usr/include/c++/5/istream:175:7: note:   conversion of argument 1 would be ill-formed:
/home/matthew/cis118/week8/Week8MatthewMorleyProg 3 Temp.cpp:14:24: error: invalid initialization of non-const reference of type 'short unsigned int&' from an rvalue of type 'short unsigned int'
     cin >> float(choice);
                        ^
In file included from /usr/include/c++/5/iostream:40:0,
                 from /home/matthew/cis118/week8/Week8MatthewMorleyProg 3 Temp.cpp:1:
/usr/include/c++/5/istream:179:7: note: candidate: std::basic_istream<_CharT, _Traits>& std::basic_istream<_CharT, _Traits>::operator>>(int&) [with _CharT = char; _Traits = std::char_traits<char>] <near match>
       operator>>(int& __n);
       ^
/usr/include/c++/5/istream:179:7: note:   conversion of argument 1 would be ill-formed:
/home/matthew/cis118/week8/Week8MatthewMorleyProg 3 Temp.cpp:14:24: error: invalid initialization of non-const reference of type 'int&' from an rvalue of type 'int'
     cin >> float(choice);
                        ^
In file included from /usr/include/c++/5/iostream:40:0,
                 from /home/matthew/cis118/week8/Week8MatthewMorleyProg 3 Temp.cpp:1:
/usr/include/c++/5/istream:182:7: note: candidate: std::basic_istream<_CharT, _Traits>::__istream_type& std::basic_istream<_CharT, _Traits>::operator>>(unsigned int&) [with _CharT = char; _Traits = std::char_traits<char>; std::basic_istream<_CharT, _Traits>::__istream_type = std::basic_istream<char>] <near match>
       operator>>(unsigned int& __n)
       ^
/usr/include/c++/5/istream:182:7: note:   conversion of argument 1 would be ill-formed:
/home/matthew/cis118/week8/Week8MatthewMorleyProg 3 Temp.cpp:14:24: error: invalid initialization of non-const reference of type 'unsigned int&' from an rvalue of type 'unsigned int'
     cin >> float(choice);
                        ^
In file included from /usr/include/c++/5/iostream:40:0,
                 from /home/matthew/cis118/week8/Week8MatthewMorleyProg 3 Temp.cpp:1:
/usr/include/c++/5/istream:186:7: note: candidate: std::basic_istream<_CharT, _Traits>::__istream_type& std::basic_istream<_CharT, _Traits>::operator>>(long int&) [with _CharT = char; _Traits = std::char_traits<char>; std::basic_istream<_CharT, _Traits>::__istream_type = std::basic_istream<char>] <near match>
       operator>>(long& __n)
       ^
/usr/include/c++/5/istream:186:7: note:   conversion of argument 1 would be ill-formed:
/home/matthew/cis118/week8/Week8MatthewMorleyProg 3 Temp.cpp:14:24: error: invalid initialization of non-const reference of type 'long int&' from an rvalue of type 'long int'
     cin >> float(choice);
                        ^
In file included from /usr/include/c++/5/iostream:40:0,
                 from /home/matthew/cis118/week8/Week8MatthewMorleyProg 3 Temp.cpp:1:
/usr/include/c++/5/istream:190:7: note: candidate: std::basic_istream<_CharT, _Traits>::__istream_type& std::basic_istream<_CharT, _Traits>::operator>>(long unsigned int&) [with _CharT = char; _Traits = std::char_traits<char>; std::basic_istream<_CharT, _Traits>::__istream_type = std::basic_istream<char>] <near match>
       operator>>(unsigned long& __n)
       ^
/usr/include/c++/5/istream:190:7: note:   conversion of argument 1 would be ill-formed:
/home/matthew/cis118/week8/Week8MatthewMorleyProg 3 Temp.cpp:14:24: error: invalid initialization of non-const reference of type 'long unsigned int&' from an rvalue of type 'long unsigned int'
     cin >> float(choice);
                        ^
In file included from /usr/include/c++/5/iostream:40:0,
                 from /home/matthew/cis118/week8/Week8MatthewMorleyProg 3 Temp.cpp:1:
/usr/include/c++/5/istream:195:7: note: candidate: std::basic_istream<_CharT, _Traits>::__istream_type& std::basic_istream<_CharT, _Traits>::operator>>(long long int&) [with _CharT = char; _Traits = std::char_traits<char>; std::basic_istream<_CharT, _Traits>::__istream_type = std::basic_istream<char>] <near match>
       operator>>(long long& __n)
       ^
/usr/include/c++/5/istream:195:7: note:   conversion of argument 1 would be ill-formed:
/home/matthew/cis118/week8/Week8MatthewMorleyProg 3 Temp.cpp:14:24: error: invalid initialization of non-const reference of type 'long long int&' from an rvalue of type 'long long int'
     cin >> float(choice);
                        ^
In file included from /usr/include/c++/5/iostream:40:0,
                 from /home/matthew/cis118/week8/Week8MatthewMorleyProg 3 Temp.cpp:1:
/usr/include/c++/5/istream:199:7: note: candidate: std::basic_istream<_CharT, _Traits>::__istream_type& std::basic_istream<_CharT, _Traits>::operator>>(long long unsigned int&) [with _CharT = char; _Traits = std::char_traits<char>; std::basic_istream<_CharT, _Traits>::__istream_type = std::basic_istream<char>] <near match>
       operator>>(unsigned long long& __n)
       ^
/usr/include/c++/5/istream:199:7: note:   conversion of argument 1 would be ill-formed:
/home/matthew/cis118/week8/Week8MatthewMorleyProg 3 Temp.cpp:14:24: error: invalid initialization of non-const reference of type 'long long unsigned int&' from an rvalue of type 'long long unsigned int'
     cin >> float(choice);
                        ^
In file included from /usr/include/c++/5/iostream:40:0,
                 from /home/matthew/cis118/week8/Week8MatthewMorleyProg 3 Temp.cpp:1:
/usr/include/c++/5/istream:214:7: note: candidate: std::basic_istream<_CharT, _Traits>::__istream_type& std::basic_istream<_CharT, _Traits>::operator>>(float&) [with _CharT = char; _Traits = std::char_traits<char>; std::basic_istream<_CharT, _Traits>::__istream_type = std::basic_istream<char>] <near match>
       operator>>(float& __f)
       ^
/usr/include/c++/5/istream:214:7: note:   conversion of argument 1 would be ill-formed:
/home/matthew/cis118/week8/Week8MatthewMorleyProg 3 Temp.cpp:14:24: error: invalid initialization of non-const reference of type 'float&' from an rvalue of type 'float'
     cin >> float(choice);
                        ^
In file included from /usr/include/c++/5/iostream:40:0,
                 from /home/matthew/cis118/week8/Week8MatthewMorleyProg 3 Temp.cpp:1:
/usr/include/c++/5/istream:218:7: note: candidate: std::basic_istream<_CharT, _Traits>::__istream_type& std::basic_istream<_CharT, _Traits>::operator>>(double&) [with _CharT = char; _Traits = std::char_traits<char>; std::basic_istream<_CharT, _Traits>::__istream_type = std::basic_istream<char>] <near match>
       operator>>(double& __f)
       ^
/usr/include/c++/5/istream:218:7: note:   conversion of argument 1 would be ill-formed:
/home/matthew/cis118/week8/Week8MatthewMorleyProg 3 Temp.cpp:14:24: error: invalid initialization of non-const reference of type 'double&' from an rvalue of type 'double'
     cin >> float(choice);
                        ^
In file included from /usr/include/c++/5/iostream:40:0,
                 from /home/matthew/cis118/week8/Week8MatthewMorleyProg 3 Temp.cpp:1:
/usr/include/c++/5/istream:222:7: note: candidate: std::basic_istream<_CharT, _Traits>::__istream_type& std::basic_istream<_CharT, _Traits>::operator>>(long double&) [with _CharT = char; _Traits = std::char_traits<char>; std::basic_istream<_CharT, _Traits>::__istream_type = std::basic_istream<char>] <near match>
       operator>>(long double& __f)
       ^
/usr/include/c++/5/istream:222:7: note:   conversion of argument 1 would be ill-formed:
/home/matthew/cis118/week8/Week8MatthewMorleyProg 3 Temp.cpp:14:24: error: invalid initialization of non-const reference of type 'long double&' from an rvalue of type 'long double'
     cin >> float(choice);
                        ^
In file included from /usr/include/c++/5/iostream:40:0,
                 from /home/matthew/cis118/week8/Week8MatthewMorleyProg 3 Temp.cpp:1:
/usr/include/c++/5/istream:120:7: note: candidate: std::basic_istream<_CharT, _Traits>::__istream_type& std::basic_istream<_CharT, _Traits>::operator>>(std::basic_istream<_CharT, _Traits>::__istream_type& (*)(std::basic_istream<_CharT, _Traits>::__istream_type&)) [with _CharT = char; _Traits = std::char_traits<char>; std::basic_istream<_CharT, _Traits>::__istream_type = std::basic_istream<char>]
       operator>>(__istream_type& (*__pf)(__istream_type&))
       ^
/usr/include/c++/5/istream:120:7: note:   no known conversion for argument 1 from 'float' to 'std::basic_istream<char>::__istream_type& (*)(std::basic_istream<char>::__istream_type&) {aka std::basic_istream<char>& (*)(std::basic_istream<char>&)}'
/usr/include/c++/5/istream:124:7: note: candidate: std::basic_istream<_CharT, _Traits>::__istream_type& std::basic_istream<_CharT, _Traits>::operator>>(std::basic_istream<_CharT, _Traits>::__ios_type& (*)(std::basic_istream<_CharT, _Traits>::__ios_type&)) [with _CharT = char; _Traits = std::char_traits<char>; std::basic_istream<_CharT, _Traits>::__istream_type = std::basic_istream<char>; std::basic_istream<_CharT, _Traits>::__ios_type = std::basic_ios<char>]
       operator>>(__ios_type& (*__pf)(__ios_type&))
       ^
/usr/include/c++/5/istream:124:7: note:   no known conversion for argument 1 from 'float' to 'std::basic_istream<char>::__ios_type& (*)(std::basic_istream<char>::__ios_type&) {aka std::basic_ios<char>& (*)(std::basic_ios<char>&)}'
/usr/include/c++/5/istream:131:7: note: candidate: std::basic_istream<_CharT, _Traits>::__istream_type& std::basic_istream<_CharT, _Traits>::operator>>(std::ios_base& (*)(std::ios_base&)) [with _CharT = char; _Traits = std::char_traits<char>; std::basic_istream<_CharT, _Traits>::__istream_type = std::basic_istream<char>]
       operator>>(ios_base& (*__pf)(ios_base&))
       ^
/usr/include/c++/5/istream:131:7: note:   no known conversion for argument 1 from 'float' to 'std::ios_base& (*)(std::ios_base&)'
/usr/include/c++/5/istream:235:7: note: candidate: std::basic_istream<_CharT, _Traits>::__istream_type& std::basic_istream<_CharT, _Traits>::operator>>(void*&) [with _CharT = char; _Traits = std::char_traits<char>; std::basic_istream<_CharT, _Traits>::__istream_type = std::basic_istream<char>]
       operator>>(void*& __p)
       ^
/usr/include/c++/5/istream:235:7: note:   no known conversion for argument 1 from 'float' to 'void*&'
/usr/include/c++/5/istream:259:7: note: candidate: std::basic_istream<_CharT, _Traits>& std::basic_istream<_CharT, _Traits>::operator>>(std::basic_istream<_CharT, _Traits>::__streambuf_type*) [with _CharT = char; _Traits = std::char_traits<char>; std::basic_istream<_CharT, _Traits>::__streambuf_type = std::basic_streambuf<char>]
       operator>>(__streambuf_type* __sb);
       ^
/usr/include/c++/5/istream:259:7: note:   no known conversion for argument 1 from 'float' to 'std::basic_istream<char>::__streambuf_type* {aka std::basic_streambuf<char>*}'
In file included from /usr/include/c++/5/string:53:0,
                 from /usr/include/c++/5/bits/locale_classes.h:40,
                 from /usr/include/c++/5/bits/ios_base.h:41,
                 from /usr/include/c++/5/ios:42,
                 from /usr/include/c++/5/ostream:38,
                 from /usr/include/c++/5/iostream:39,
                 from /home/matthew/cis118/week8/Week8MatthewMorleyProg 3 Temp.cpp:1:
/usr/include/c++/5/bits/basic_string.tcc:1441:5: note: candidate: template<class _CharT, class _Traits, class _Alloc> std::basic_istream<_CharT, _Traits>& std::operator>>(std::basic_istream<_CharT, _Traits>&, std::__cxx11::basic_string<_CharT, _Traits, _Alloc>&)
     operator>>(basic_istream<_CharT, _Traits>& __in,
     ^
/usr/include/c++/5/bits/basic_string.tcc:1441:5: note:   template argument deduction/substitution failed:
/home/matthew/cis118/week8/Week8MatthewMorleyProg 3 Temp.cpp:14:24: note:   mismatched types 'std::__cxx11::basic_string<_CharT, _Traits, _Alloc>' and 'float'
     cin >> float(choice);
                        ^
In file included from /usr/include/c++/5/istream:934:0,
                 from /usr/include/c++/5/iostream:40,
                 from /home/matthew/cis118/week8/Week8MatthewMorleyProg 3 Temp.cpp:1:
/usr/include/c++/5/bits/istream.tcc:955:5: note: candidate: template<class _CharT2, class _Traits2> std::basic_istream<_CharT, _Traits>& std::operator>>(std::basic_istream<_CharT, _Traits>&, _CharT2*)
     operator>>(basic_istream<_CharT, _Traits>& __in, _CharT* __s)
     ^
/usr/include/c++/5/bits/istream.tcc:955:5: note:   template argument deduction/substitution failed:
/home/matthew/cis118/week8/Week8MatthewMorleyProg 3 Temp.cpp:14:24: note:   mismatched types '_CharT2*' and 'float'
     cin >> float(choice);
                        ^
In file included from /usr/include/c++/5/istream:934:0,
                 from /usr/include/c++/5/iostream:40,
                 from /home/matthew/cis118/week8/Week8MatthewMorleyProg 3 Temp.cpp:1:
/usr/include/c++/5/bits/istream.tcc:923:5: note: candidate: template<class _CharT, class _Traits> std::basic_istream<_CharT, _Traits>& std::operator>>(std::basic_istream<_CharT, _Traits>&, _CharT&)
     operator>>(basic_istream<_CharT, _Traits>& __in, _CharT& __c)
     ^
/usr/include/c++/5/bits/istream.tcc:923:5: note:   template argument deduction/substitution failed:
/home/matthew/cis118/week8/Week8MatthewMorleyProg 3 Temp.cpp:14:24: note:   deduced conflicting types for parameter '_CharT' ('char' and 'float')
     cin >> float(choice);
                        ^
In file included from /usr/include/c++/5/iostream:40:0,
                 from /home/matthew/cis118/week8/Week8MatthewMorleyProg 3 Temp.cpp:1:
/usr/include/c++/5/istream:756:5: note: candidate: template<class _Traits> std::basic_istream<char, _Traits>& std::operator>>(std::basic_istream<char, _Traits>&, unsigned char&)
     operator>>(basic_istream<char, _Traits>& __in, unsigned char& __c)
     ^
/usr/include/c++/5/istream:756:5: note:   template argument deduction/substitution failed:
/home/matthew/cis118/week8/Week8MatthewMorleyProg 3 Temp.cpp:14:24: note:   cannot convert '(float)choice' (type 'float') to type 'unsigned char&'
     cin >> float(choice);
                        ^
In file included from /usr/include/c++/5/iostream:40:0,
                 from /home/matthew/cis118/week8/Week8MatthewMorleyProg 3 Temp.cpp:1:
/usr/include/c++/5/istream:761:5: note: candidate: template<class _Traits> std::basic_istream<char, _Traits>& std::operator>>(std::basic_istream<char, _Traits>&, signed char&)
     operator>>(basic_istream<char, _Traits>& __in, signed char& __c)
     ^
/usr/include/c++/5/istream:761:5: note:   template argument deduction/substitution failed:
/home/matthew/cis118/week8/Week8MatthewMorleyProg 3 Temp.cpp:14:24: note:   cannot convert '(float)choice' (type 'float') to type 'signed char&'
     cin >> float(choice);
                        ^
In file included from /usr/include/c++/5/iostream:40:0,
                 from /home/matthew/cis118/week8/Week8MatthewMorleyProg 3 Temp.cpp:1:
/usr/include/c++/5/istream:803:5: note: candidate: template<class _Traits> std::basic_istream<char, _Traits>& std::operator>>(std::basic_istream<char, _Traits>&, unsigned char*)
     operator>>(basic_istream<char, _Traits>& __in, unsigned char* __s)
     ^
/usr/include/c++/5/istream:803:5: note:   template argument deduction/substitution failed:
/home/matthew/cis118/week8/Week8MatthewMorleyProg 3 Temp.cpp:14:24: note:   cannot convert '(float)choice' (type 'float') to type 'unsigned char*'
     cin >> float(choice);
                        ^
In file included from /usr/include/c++/5/iostream:40:0,
                 from /home/matthew/cis118/week8/Week8MatthewMorleyProg 3 Temp.cpp:1:
/usr/include/c++/5/istream:808:5: note: candidate: template<class _Traits> std::basic_istream<char, _Traits>& std::operator>>(std::basic_istream<char, _Traits>&, signed char*)
     operator>>(basic_istream<char, _Traits>& __in, signed char* __s)
     ^
/usr/include/c++/5/istream:808:5: note:   template argument deduction/substitution failed:
/home/matthew/cis118/week8/Week8MatthewMorleyProg 3 Temp.cpp:14:24: note:   cannot convert '(float)choice' (type 'float') to type 'signed char*'
     cin >> float(choice);
                        ^
In file included from /home/matthew/cis118/week8/Week8MatthewMorleyProg 3 Temp.cpp:2:0:
/usr/include/c++/5/iomanip:71:5: note: candidate: template<class _CharT, class _Traits> std::basic_istream<_CharT, _Traits>& std::operator>>(std::basic_istream<_CharT, _Traits>&, std::_Resetiosflags)
     operator>>(basic_istream<_CharT, _Traits>& __is, _Resetiosflags __f)
     ^
/usr/include/c++/5/iomanip:71:5: note:   template argument deduction/substitution failed:
/home/matthew/cis118/week8/Week8MatthewMorleyProg 3 Temp.cpp:14:24: note:   cannot convert '(float)choice' (type 'float') to type 'std::_Resetiosflags'
     cin >> float(choice);
                        ^
In file included from /home/matthew/cis118/week8/Week8MatthewMorleyProg 3 Temp.cpp:2:0:
/usr/include/c++/5/iomanip:101:5: note: candidate: template<class _CharT, class _Traits> std::basic_istream<_CharT, _Traits>& std::operator>>(std::basic_istream<_CharT, _Traits>&, std::_Setiosflags)
     operator>>(basic_istream<_CharT, _Traits>& __is, _Setiosflags __f)
     ^
/usr/include/c++/5/iomanip:101:5: note:   template argument deduction/substitution failed:
/home/matthew/cis118/week8/Week8MatthewMorleyProg 3 Temp.cpp:14:24: note:   cannot convert '(float)choice' (type 'float') to type 'std::_Setiosflags'
     cin >> float(choice);
                        ^
In file included from /home/matthew/cis118/week8/Week8MatthewMorleyProg 3 Temp.cpp:2:0:
/usr/include/c++/5/iomanip:132:5: note: candidate: template<class _CharT, class _Traits> std::basic_istream<_CharT, _Traits>& std::operator>>(std::basic_istream<_CharT, _Traits>&, std::_Setbase)
     operator>>(basic_istream<_CharT, _Traits>& __is, _Setbase __f)
     ^
/usr/include/c++/5/iomanip:132:5: note:   template argument deduction/substitution failed:
/home/matthew/cis118/week8/Week8MatthewMorleyProg 3 Temp.cpp:14:24: note:   cannot convert '(float)choice' (type 'float') to type 'std::_Setbase'
     cin >> float(choice);
                        ^
In file included from /home/matthew/cis118/week8/Week8MatthewMorleyProg 3 Temp.cpp:2:0:
/usr/include/c++/5/iomanip:170:5: note: candidate: template<class _CharT, class _Traits> std::basic_istream<_CharT, _Traits>& std::operator>>(std::basic_istream<_CharT, _Traits>&, std::_Setfill<_CharT>)
     operator>>(basic_istream<_CharT, _Traits>& __is, _Setfill<_CharT> __f)
     ^
/usr/include/c++/5/iomanip:170:5: note:   template argument deduction/substitution failed:
/home/matthew/cis118/week8/Week8MatthewMorleyProg 3 Temp.cpp:14:24: note:   mismatched types 'std::_Setfill<_CharT>' and 'float'
     cin >> float(choice);
                        ^
In file included from /home/matthew/cis118/week8/Week8MatthewMorleyProg 3 Temp.cpp:2:0:
/usr/include/c++/5/iomanip:200:5: note: candidate: template<class _CharT, class _Traits> std::basic_istream<_CharT, _Traits>& std::operator>>(std::basic_istream<_CharT, _Traits>&, std::_Setprecision)
     operator>>(basic_istream<_CharT, _Traits>& __is, _Setprecision __f)
     ^
/usr/include/c++/5/iomanip:200:5: note:   template argument deduction/substitution failed:
/home/matthew/cis118/week8/Week8MatthewMorleyProg 3 Temp.cpp:14:24: note:   cannot convert '(float)choice' (type 'float') to type 'std::_Setprecision'
     cin >> float(choice);
                        ^
In file included from /home/matthew/cis118/week8/Week8MatthewMorleyProg 3 Temp.cpp:2:0:
/usr/include/c++/5/iomanip:230:5: note: candidate: template<class _CharT, class _Traits> std::basic_istream<_CharT, _Traits>& std::operator>>(std::basic_istream<_CharT, _Traits>&, std::_Setw)
     operator>>(basic_istream<_CharT, _Traits>& __is, _Setw __f)
     ^
/usr/include/c++/5/iomanip:230:5: note:   template argument deduction/substitution failed:
/home/matthew/cis118/week8/Week8MatthewMorleyProg 3 Temp.cpp:14:24: note:   cannot convert '(float)choice' (type 'float') to type 'std::_Setw'
     cin >> float(choice);
                        ^
/home/matthew/cis118/week8/Week8MatthewMorleyProg 3 Temp.cpp:27:33: warning: division by zero [-Wdiv-by-zero]
     else { tempOut = (tempIn-32)/(5/9);}
                                 ^

[/home/matthew/cis118/week8/Week8MatthewMorleyProg 3 Temp.cpp 2018-10-03 16:42:26.724]
/home/matthew/cis118/week8/Week8MatthewMorleyProg 3 Temp.cpp: In function 'int main()':
/home/matthew/cis118/week8/Week8MatthewMorleyProg 3 Temp.cpp:28:33: warning: division by zero [-Wdiv-by-zero]
     else { tempOut = (tempIn-32)/(5/9);}
                                 ^

[/home/matthew/cis118/week8/Week8MatthewMorleyProg 3 Temp.cpp 2018-10-03 16:42:46.529]
/home/matthew/cis118/week8/Week8MatthewMorleyProg 3 Temp.cpp: In function 'int main()':
/home/matthew/cis118/week8/Week8MatthewMorleyProg 3 Temp.cpp:28:33: warning: division by zero [-Wdiv-by-zero]
     else { tempOut = (tempIn-32)/(5/9);}
                                 ^

[/home/matthew/cis118/week8/Week8MatthewMorleyProg 3 Temp.cpp 2018-10-03 18:21:10.047]
/home/matthew/cis118/week8/Week8MatthewMorleyProg 3 Temp.cpp: In function 'int main()':
/home/matthew/cis118/week8/Week8MatthewMorleyProg 3 Temp.cpp:26:33: warning: division by zero [-Wdiv-by-zero]
     else { tempOut = (tempIn-32)/(5/9);}
                                 ^

[/home/matthew/cis118/week8/Week8MatthewMorleyProg 3 Temp.cpp 2018-10-03 18:22:38.665]
/home/matthew/cis118/week8/Week8MatthewMorleyProg 3 Temp.cpp: In function 'int main()':
/home/matthew/cis118/week8/Week8MatthewMorleyProg 3 Temp.cpp:15:5: error: expected ';' before 'if'
     if (choice == 1) { cout << "How many degrees C is the temperature? "; }
     ^
/home/matthew/cis118/week8/Week8MatthewMorleyProg 3 Temp.cpp:16:5: error: 'else' without a previous 'if'
     else if (choice == 2) { cout << "How many degrees F is the temperature? "; }
     ^

[/home/matthew/cis118/week8/Week8MatthewMorleyProg 3 Temp.cpp 2018-10-03 18:22:38.666]
/home/matthew/cis118/week8/Week8MatthewMorleyProg 3 Temp.cpp:27:33: warning: division by zero [-Wdiv-by-zero]
     else { tempOut = (tempIn-32)/(5/9);}
                                 ^

[/home/matthew/cis118/week8/Week8MatthewMorleyProg 3 Temp.cpp 2018-10-03 18:22:41.805]
/home/matthew/cis118/week8/Week8MatthewMorleyProg 3 Temp.cpp: In function 'int main()':
/home/matthew/cis118/week8/Week8MatthewMorleyProg 3 Temp.cpp:15:5: error: expected ';' before 'if'
     if (choice == 1) { cout << "How many degrees C is the temperature? "; }
     ^

[/home/matthew/cis118/week8/Week8MatthewMorleyProg 3 Temp.cpp 2018-10-03 18:22:41.806]
/home/matthew/cis118/week8/Week8MatthewMorleyProg 3 Temp.cpp:16:5: error: 'else' without a previous 'if'
     else if (choice == 2) { cout << "How many degrees F is the temperature? "; }
     ^

[/home/matthew/cis118/week8/Week8MatthewMorleyProg 3 Temp.cpp 2018-10-03 18:22:41.809]
/home/matthew/cis118/week8/Week8MatthewMorleyProg 3 Temp.cpp:27:33: warning: division by zero [-Wdiv-by-zero]
     else { tempOut = (tempIn-32)/(5/9);}
                                 ^

[/home/matthew/cis118/week8/Week8MatthewMorleyProg 3 Temp.cpp 2018-10-03 18:23:01.408]
/home/matthew/cis118/week8/Week8MatthewMorleyProg 3 Temp.cpp: In function 'int main()':
/home/matthew/cis118/week8/Week8MatthewMorleyProg 3 Temp.cpp:27:33: warning: division by zero [-Wdiv-by-zero]
     else { tempOut = (tempIn-32)/(5/9);}
                                 ^

[/home/matthew/cis118/week8/Week8MatthewMorleyProg 3 Temp.cpp 2018-10-03 18:25:24.691]
/home/matthew/cis118/week8/Week8MatthewMorleyProg 3 Temp.cpp: In function 'int main()':
/home/matthew/cis118/week8/Week8MatthewMorleyProg 3 Temp.cpp:27:33: warning: division by zero [-Wdiv-by-zero]
     else { tempOut = (tempIn-32)/(5/9);}
                                 ^

[/home/matthew/cis118/week8/Week8MatthewMorleyProg 3 Temp.cpp 2018-10-03 18:25:53.829]
/home/matthew/cis118/week8/Week8MatthewMorleyProg 3 Temp.cpp: In function 'int main()':
/home/matthew/cis118/week8/Week8MatthewMorleyProg 3 Temp.cpp:27:33: warning: division by zero [-Wdiv-by-zero]
     else { tempOut = (tempIn-32)/(5/9);}
                                 ^

[/home/matthew/cis118/week8/Week8MatthewMorleyProg 3 Temp.cpp 2018-10-03 18:26:36.059]
/home/matthew/cis118/week8/Week8MatthewMorleyProg 3 Temp.cpp: In function 'int main()':
/home/matthew/cis118/week8/Week8MatthewMorleyProg 3 Temp.cpp:27:33: warning: division by zero [-Wdiv-by-zero]
     else { tempOut = (tempIn-32)/(5/9);}
                                 ^

