[2018-10-01 08:41:14.941] [exthost1] [info] extension host started
[2018-10-01 08:41:15.016] [exthost1] [info] ExtensionService#_doActivateExtension vscode.debug-auto-launch {"startup":true,"activationEvent":"*"}
[2018-10-01 08:41:15.016] [exthost1] [info] ExtensionService#loadCommonJSModule /usr/share/code/resources/app/extensions/debug-auto-launch/out/extension
[2018-10-01 08:41:15.082] [exthost1] [info] ExtensionService#_doActivateExtension vscode.emmet {"startup":true,"activationEvent":"*"}
[2018-10-01 08:41:15.082] [exthost1] [info] ExtensionService#loadCommonJSModule /usr/share/code/resources/app/extensions/emmet/dist/extension
[2018-10-01 08:41:15.254] [exthost1] [info] ExtensionService#_doActivateExtension vscode.git {"startup":true,"activationEvent":"*"}
[2018-10-01 08:41:15.257] [exthost1] [info] ExtensionService#loadCommonJSModule /usr/share/code/resources/app/extensions/git/dist/main
[2018-10-01 08:41:16.067] [exthost1] [info] ExtensionService#_doActivateExtension vscode.merge-conflict {"startup":true,"activationEvent":"*"}
[2018-10-01 08:41:16.067] [exthost1] [info] ExtensionService#loadCommonJSModule /usr/share/code/resources/app/extensions/merge-conflict/out/extension
[2018-10-01 08:41:16.126] [exthost1] [info] ExtensionService#_doActivateExtension vscode.search-rg {"startup":true,"activationEvent":"*"}
[2018-10-01 08:41:16.126] [exthost1] [info] ExtensionService#loadCommonJSModule /usr/share/code/resources/app/extensions/search-rg/out/extension
[2018-10-01 08:41:16.160] [exthost1] [info] eager extensions activated
[2018-10-01 08:41:16.169] [exthost1] [info] ExtensionService#_doActivateExtension vscode.python {"startup":false,"activationEvent":"onLanguage:python"}
[2018-10-01 08:41:16.169] [exthost1] [info] ExtensionService#loadCommonJSModule /usr/share/code/resources/app/extensions/python/out/pythonMain
[2018-10-01 08:41:16.172] [exthost1] [info] ExtensionService#_doActivateExtension ms-python.python {"startup":false,"activationEvent":"onLanguage:python"}
[2018-10-01 08:41:16.172] [exthost1] [info] ExtensionService#loadCommonJSModule /home/matthew/.vscode/extensions/ms-python.python-2018.8.0/out/client/extension
[2018-10-01 08:41:49.531] [exthost1] [warning] ms-python.python -Code actions of kind 'quickfix 'requested but returned code action is of kind 'source.organizeImports'. Code action will be dropped. Please check 'CodeActionContext.only' to only return requested code actions.
[2018-10-01 11:39:29.907] [exthost1] [info] ExtensionService#_doActivateExtension vscode.html-language-features {"startup":false,"activationEvent":"onLanguage:html"}
[2018-10-01 11:39:29.907] [exthost1] [info] ExtensionService#loadCommonJSModule /usr/share/code/resources/app/extensions/html-language-features/client/dist/htmlMain
[2018-10-01 11:39:59.371] [exthost1] [warning] ms-python.python -Code actions of kind 'quickfix 'requested but returned code action is of kind 'source.organizeImports'. Code action will be dropped. Please check 'CodeActionContext.only' to only return requested code actions.
[2018-10-01 11:46:38.271] [exthost1] [warning] ms-python.python -Code actions of kind 'quickfix 'requested but returned code action is of kind 'source.organizeImports'. Code action will be dropped. Please check 'CodeActionContext.only' to only return requested code actions.
[2018-10-01 11:53:37.334] [exthost1] [warning] ms-python.python -Code actions of kind 'quickfix 'requested but returned code action is of kind 'source.organizeImports'. Code action will be dropped. Please check 'CodeActionContext.only' to only return requested code actions.
[2018-10-01 11:55:18.455] [exthost1] [warning] ms-python.python -Code actions of kind 'quickfix 'requested but returned code action is of kind 'source.organizeImports'. Code action will be dropped. Please check 'CodeActionContext.only' to only return requested code actions.
[2018-10-01 11:57:44.430] [exthost1] [warning] ms-python.python -Code actions of kind 'quickfix 'requested but returned code action is of kind 'source.organizeImports'. Code action will be dropped. Please check 'CodeActionContext.only' to only return requested code actions.
