[/home/matthew/cis118/week8/Week8MatthewMorleyProg2Grade.cpp 2018-10-04 16:06:59.008]
/home/matthew/cis118/week8/Week8MatthewMorleyProg2Grade.cpp: In function 'int main()':
/home/matthew/cis118/week8/Week8MatthewMorleyProg2Grade.cpp:10:75: error: expected ';' before '}' token
     if (grade < 60) { cout << "You failed and got less than 60 percent. " }
                                                                           ^

[/home/matthew/cis118/week8/Week8MatthewMorleyProg2Grade.cpp 2018-10-04 16:06:59.010]
/home/matthew/cis118/week8/Week8MatthewMorleyProg2Grade.cpp:13:50: error: expected ';' before '}' token
         if (grade < 70) { cout << "You got a D." }
                                                  ^
/home/matthew/cis118/week8/Week8MatthewMorleyProg2Grade.cpp:16:16: error: expected '(' before 'grade'
             if grade < 80 { cout << "You got a C."}
                ^
/home/matthew/cis118/week8/Week8MatthewMorleyProg2Grade.cpp:18:13: error: 'else' without a previous 'if'
             else {
             ^
/home/matthew/cis118/week8/Week8MatthewMorleyProg2Grade.cpp:19:20: error: expected '(' before 'grade'
                 if grade < 90 { cout "You got a B."}
                    ^
/home/matthew/cis118/week8/Week8MatthewMorleyProg2Grade.cpp:21:17: error: 'else' without a previous 'if'
                 else {
                 ^
/home/matthew/cis118/week8/Week8MatthewMorleyProg2Grade.cpp:22:24: error: expected '(' before 'grade'
                     if grade < 100 { cout "You got an A."}
                        ^
/home/matthew/cis118/week8/Week8MatthewMorleyProg2Grade.cpp:24:21: error: 'else' without a previous 'if'
                     else {
                     ^
/home/matthew/cis118/week8/Week8MatthewMorleyProg2Grade.cpp:25:28: error: expected '(' before 'grade'
                         if grade == 100 { cout "You got a 100. Congrats."}
                            ^
/home/matthew/cis118/week8/Week8MatthewMorleyProg2Grade.cpp:31:1: error: expected '}' at end of input
 }
 ^

[/home/matthew/cis118/week8/Week8MatthewMorleyProg2Grade.cpp 2018-10-04 16:07:17.505]
/home/matthew/cis118/week8/Week8MatthewMorleyProg2Grade.cpp: In function 'int main()':
/home/matthew/cis118/week8/Week8MatthewMorleyProg2Grade.cpp:16:16: error: expected '(' before 'grade'
             if grade < 80 { cout << "You got a C.";}
                ^
/home/matthew/cis118/week8/Week8MatthewMorleyProg2Grade.cpp:18:13: error: 'else' without a previous 'if'
             else {
             ^
/home/matthew/cis118/week8/Week8MatthewMorleyProg2Grade.cpp:19:20: error: expected '(' before 'grade'
                 if grade < 90 { cout "You got a B.";}
                    ^
/home/matthew/cis118/week8/Week8MatthewMorleyProg2Grade.cpp:21:17: error: 'else' without a previous 'if'
                 else {
                 ^
/home/matthew/cis118/week8/Week8MatthewMorleyProg2Grade.cpp:22:24: error: expected '(' before 'grade'
                     if grade < 100 { cout "You got an A.";}
                        ^
/home/matthew/cis118/week8/Week8MatthewMorleyProg2Grade.cpp:24:21: error: 'else' without a previous 'if'
                     else {
                     ^
/home/matthew/cis118/week8/Week8MatthewMorleyProg2Grade.cpp:25:28: error: expected '(' before 'grade'
                         if grade == 100 { cout "You got a 100. Congrats.";}
                            ^

[/home/matthew/cis118/week8/Week8MatthewMorleyProg2Grade.cpp 2018-10-04 16:07:17.505]
/home/matthew/cis118/week8/Week8MatthewMorleyProg2Grade.cpp:31:1: error: expected '}' at end of input
 }
 ^

[/home/matthew/cis118/week8/Week8MatthewMorleyProg2Grade.cpp 2018-10-04 16:18:31.306]
/home/matthew/cis118/week8/Week8MatthewMorleyProg2Grade.cpp: In function 'int main()':
/home/matthew/cis118/week8/Week8MatthewMorleyProg2Grade.cpp:19:42: error: expected ';' before string constant
                 if ( grade < 90 ) { cout "You got a B.";}
                                          ^

[/home/matthew/cis118/week8/Week8MatthewMorleyProg2Grade.cpp 2018-10-04 16:18:31.307]
/home/matthew/cis118/week8/Week8MatthewMorleyProg2Grade.cpp:22:47: error: expected ';' before string constant
                     if ( grade < 100 ) { cout "You got an A.";}
                                               ^
/home/matthew/cis118/week8/Week8MatthewMorleyProg2Grade.cpp:25:52: error: expected ';' before string constant
                         if ( grade == 100 ) { cout "You got a 100. Congrats.";}
                                                    ^
/home/matthew/cis118/week8/Week8MatthewMorleyProg2Grade.cpp:31:1: error: expected '}' at end of input
 }
 ^

[/home/matthew/cis118/week8/Week8MatthewMorleyProg2Grade.cpp 2018-10-04 16:19:33.381]
/home/matthew/cis118/week8/Week8MatthewMorleyProg2Grade.cpp: In function 'int main()':
/home/matthew/cis118/week8/Week8MatthewMorleyProg2Grade.cpp:19:42: error: expected ';' before string constant
                 if ( grade < 90 ) { cout "You got a B.";}
                                          ^
/home/matthew/cis118/week8/Week8MatthewMorleyProg2Grade.cpp:22:46: error: expected ';' before string constant
                     if ( grade < 100 )  cout "You got an A.";
                                              ^
/home/matthew/cis118/week8/Week8MatthewMorleyProg2Grade.cpp:25:52: error: expected ';' before string constant
                         if ( grade == 100 ) { cout "You got a 100. Congrats.";}
                                                    ^
/home/matthew/cis118/week8/Week8MatthewMorleyProg2Grade.cpp:31:1: error: expected '}' at end of input
 }
 ^

[/home/matthew/cis118/week8/Week8MatthewMorleyProg2Grade.cpp 2018-10-04 16:20:27.417]
/home/matthew/cis118/week8/Week8MatthewMorleyProg2Grade.cpp: In function 'int main()':
/home/matthew/cis118/week8/Week8MatthewMorleyProg2Grade.cpp:24:26: error: expected ';' before string constant
                     cout "You got a B.";
                          ^

[/home/matthew/cis118/week8/Week8MatthewMorleyProg2Grade.cpp 2018-10-04 16:20:27.422]
/home/matthew/cis118/week8/Week8MatthewMorleyProg2Grade.cpp:29:30: error: expected ';' before string constant
                         cout "You got an A."; 
                              ^
/home/matthew/cis118/week8/Week8MatthewMorleyProg2Grade.cpp:34:34: error: expected ';' before string constant
                             cout "You got a 100. Congrats.";
                                  ^

[/home/matthew/cis118/week8/Week8MatthewMorleyProg4Eat.cpp 2018-10-04 17:26:34.912]
/home/matthew/cis118/week8/Week8MatthewMorleyProg4Eat.cpp: In function 'int main()':
/home/matthew/cis118/week8/Week8MatthewMorleyProg4Eat.cpp:14:8: error: expected '(' before 'haveMoney'
     if haveMoney == True {
        ^
/home/matthew/cis118/week8/Week8MatthewMorleyProg4Eat.cpp:38:1: error: expected '}' at end of input
 }
 ^

[/home/matthew/cis118/week8/Week8MatthewMorleyProg4Eat.cpp 2018-10-04 17:30:27.579]
/home/matthew/cis118/week8/Week8MatthewMorleyProg4Eat.cpp: In function 'int main()':
/home/matthew/cis118/week8/Week8MatthewMorleyProg4Eat.cpp:14:8: error: expected '(' before 'haveMoney'
     if haveMoney == True {
        ^
/home/matthew/cis118/week8/Week8MatthewMorleyProg4Eat.cpp:40:1: error: expected '}' at end of input
 }
 ^

[/home/matthew/cis118/week8/Week8MatthewMorleyProg4Eat.cpp 2018-10-04 17:31:41.429]
/home/matthew/cis118/week8/Week8MatthewMorleyProg4Eat.cpp:14:21: warning: multi-character character constant [-Wmultichar]
     if haveMoney == 'yes' {
                     ^

[/home/matthew/cis118/week8/Week8MatthewMorleyProg4Eat.cpp 2018-10-04 17:31:41.430]
/home/matthew/cis118/week8/Week8MatthewMorleyProg4Eat.cpp:17:24: warning: multi-character character constant [-Wmultichar]
         if haveTime == 'yes' {
                        ^

[/home/matthew/cis118/week8/Week8MatthewMorleyProg4Eat.cpp 2018-10-04 17:31:41.430]
/home/matthew/cis118/week8/Week8MatthewMorleyProg4Eat.cpp:20:28: warning: multi-character character constant [-Wmultichar]
             if amHungry == 'yes' {
                            ^

[/home/matthew/cis118/week8/Week8MatthewMorleyProg4Eat.cpp 2018-10-04 17:31:41.431]
/home/matthew/cis118/week8/Week8MatthewMorleyProg4Eat.cpp:23:38: warning: multi-character character constant [-Wmultichar]
                 if resturauntOpen == 'yes' {
                                      ^

[/home/matthew/cis118/week8/Week8MatthewMorleyProg4Eat.cpp 2018-10-04 17:31:41.431]
/home/matthew/cis118/week8/Week8MatthewMorleyProg4Eat.cpp:26:46: warning: multi-character character constant [-Wmultichar]
                     if haveTransportation == 'yes' {
                                              ^

[/home/matthew/cis118/week8/Week8MatthewMorleyProg4Eat.cpp 2018-10-04 17:31:41.774]
/home/matthew/cis118/week8/Week8MatthewMorleyProg4Eat.cpp: In function 'int main()':
/home/matthew/cis118/week8/Week8MatthewMorleyProg4Eat.cpp:14:8: error: expected '(' before 'haveMoney'
     if haveMoney == 'yes' {
        ^

[/home/matthew/cis118/week8/Week8MatthewMorleyProg4Eat.cpp 2018-10-04 17:31:41.781]
/home/matthew/cis118/week8/Week8MatthewMorleyProg4Eat.cpp:40:1: error: expected '}' at end of input
 }
 ^

[/home/matthew/cis118/week8/Week8MatthewMorleyProg4Eat.cpp 2018-10-04 17:33:17.798]
/home/matthew/cis118/week8/Week8MatthewMorleyProg4Eat.cpp:14:22: warning: multi-character character constant [-Wmultichar]
     if (haveMoney == 'yes') {
                      ^

[/home/matthew/cis118/week8/Week8MatthewMorleyProg4Eat.cpp 2018-10-04 17:33:17.798]
/home/matthew/cis118/week8/Week8MatthewMorleyProg4Eat.cpp:17:25: warning: multi-character character constant [-Wmultichar]
         if (haveTime == 'yes') {
                         ^

[/home/matthew/cis118/week8/Week8MatthewMorleyProg4Eat.cpp 2018-10-04 17:33:17.799]
/home/matthew/cis118/week8/Week8MatthewMorleyProg4Eat.cpp:20:29: warning: multi-character character constant [-Wmultichar]
             if (amHungry == 'yes') {
                             ^

[/home/matthew/cis118/week8/Week8MatthewMorleyProg4Eat.cpp 2018-10-04 17:33:17.800]
/home/matthew/cis118/week8/Week8MatthewMorleyProg4Eat.cpp:23:39: warning: multi-character character constant [-Wmultichar]
                 if (resturauntOpen == 'yes') {
                                       ^

[/home/matthew/cis118/week8/Week8MatthewMorleyProg4Eat.cpp 2018-10-04 17:33:17.800]
/home/matthew/cis118/week8/Week8MatthewMorleyProg4Eat.cpp:26:47: warning: multi-character character constant [-Wmultichar]
                     if (haveTransportation == 'yes') {
                                               ^

[/home/matthew/cis118/week8/Week8MatthewMorleyProg4Eat.cpp 2018-10-04 17:33:18.137]
/home/matthew/cis118/week8/Week8MatthewMorleyProg4Eat.cpp: In function 'int main()':
/home/matthew/cis118/week8/Week8MatthewMorleyProg4Eat.cpp:14:19: error: no match for 'operator==' (operand types are 'std::__cxx11::string {aka std::__cxx11::basic_string<char>}' and 'int')
     if (haveMoney == 'yes') {
                   ^

[/home/matthew/cis118/week8/Week8MatthewMorleyProg4Eat.cpp 2018-10-04 17:33:18.137]
In file included from /usr/include/c++/5/iosfwd:40:0,
                 from /usr/include/c++/5/ios:38,
                 from /usr/include/c++/5/ostream:38,
                 from /usr/include/c++/5/iostream:39,
                 from /home/matthew/cis118/week8/Week8MatthewMorleyProg4Eat.cpp:1:
/usr/include/c++/5/bits/postypes.h:216:5: note: candidate: template<class _StateT> bool std::operator==(const std::fpos<_StateT>&, const std::fpos<_StateT>&)
     operator==(const fpos<_StateT>& __lhs, const fpos<_StateT>& __rhs)
     ^
/usr/include/c++/5/bits/postypes.h:216:5: note:   template argument deduction/substitution failed:
/home/matthew/cis118/week8/Week8MatthewMorleyProg4Eat.cpp:14:22: note:   'std::__cxx11::string {aka std::__cxx11::basic_string<char>}' is not derived from 'const std::fpos<_StateT>'
     if (haveMoney == 'yes') {
                      ^
In file included from /usr/include/c++/5/bits/stl_algobase.h:64:0,
                 from /usr/include/c++/5/bits/char_traits.h:39,
                 from /usr/include/c++/5/ios:40,
                 from /usr/include/c++/5/ostream:38,
                 from /usr/include/c++/5/iostream:39,
                 from /home/matthew/cis118/week8/Week8MatthewMorleyProg4Eat.cpp:1:
/usr/include/c++/5/bits/stl_pair.h:214:5: note: candidate: template<class _T1, class _T2> bool std::operator==(const std::pair<_T1, _T2>&, const std::pair<_T1, _T2>&)
     operator==(const pair<_T1, _T2>& __x, const pair<_T1, _T2>& __y)
     ^
/usr/include/c++/5/bits/stl_pair.h:214:5: note:   template argument deduction/substitution failed:
/home/matthew/cis118/week8/Week8MatthewMorleyProg4Eat.cpp:14:22: note:   'std::__cxx11::string {aka std::__cxx11::basic_string<char>}' is not derived from 'const std::pair<_T1, _T2>'
     if (haveMoney == 'yes') {
                      ^
In file included from /usr/include/c++/5/bits/stl_algobase.h:67:0,
                 from /usr/include/c++/5/bits/char_traits.h:39,
                 from /usr/include/c++/5/ios:40,
                 from /usr/include/c++/5/ostream:38,
                 from /usr/include/c++/5/iostream:39,
                 from /home/matthew/cis118/week8/Week8MatthewMorleyProg4Eat.cpp:1:
/usr/include/c++/5/bits/stl_iterator.h:292:5: note: candidate: template<class _Iterator> bool std::operator==(const std::reverse_iterator<_Iterator>&, const std::reverse_iterator<_Iterator>&)
     operator==(const reverse_iterator<_Iterator>& __x,
     ^
/usr/include/c++/5/bits/stl_iterator.h:292:5: note:   template argument deduction/substitution failed:
/home/matthew/cis118/week8/Week8MatthewMorleyProg4Eat.cpp:14:22: note:   'std::__cxx11::string {aka std::__cxx11::basic_string<char>}' is not derived from 'const std::reverse_iterator<_Iterator>'
     if (haveMoney == 'yes') {
                      ^

[/home/matthew/cis118/week8/Week8MatthewMorleyProg4Eat.cpp 2018-10-04 17:33:18.138]
In file included from /usr/include/c++/5/bits/stl_algobase.h:67:0,
                 from /usr/include/c++/5/bits/char_traits.h:39,
                 from /usr/include/c++/5/ios:40,
                 from /usr/include/c++/5/ostream:38,
                 from /usr/include/c++/5/iostream:39,
                 from /home/matthew/cis118/week8/Week8MatthewMorleyProg4Eat.cpp:1:
/usr/include/c++/5/bits/stl_iterator.h:342:5: note: candidate: template<class _IteratorL, class _IteratorR> bool std::operator==(const std::reverse_iterator<_Iterator>&, const std::reverse_iterator<_IteratorR>&)
     operator==(const reverse_iterator<_IteratorL>& __x,
     ^
/usr/include/c++/5/bits/stl_iterator.h:342:5: note:   template argument deduction/substitution failed:
/home/matthew/cis118/week8/Week8MatthewMorleyProg4Eat.cpp:14:22: note:   'std::__cxx11::string {aka std::__cxx11::basic_string<char>}' is not derived from 'const std::reverse_iterator<_Iterator>'
     if (haveMoney == 'yes') {
                      ^
In file included from /usr/include/c++/5/string:41:0,
                 from /usr/include/c++/5/bits/locale_classes.h:40,
                 from /usr/include/c++/5/bits/ios_base.h:41,
                 from /usr/include/c++/5/ios:42,
                 from /usr/include/c++/5/ostream:38,
                 from /usr/include/c++/5/iostream:39,
                 from /home/matthew/cis118/week8/Week8MatthewMorleyProg4Eat.cpp:1:
/usr/include/c++/5/bits/allocator.h:128:5: note: candidate: template<class _T1, class _T2> bool std::operator==(const std::allocator<_CharT>&, const std::allocator<_T2>&)
     operator==(const allocator<_T1>&, const allocator<_T2>&)
     ^
/usr/include/c++/5/bits/allocator.h:128:5: note:   template argument deduction/substitution failed:
/home/matthew/cis118/week8/Week8MatthewMorleyProg4Eat.cpp:14:22: note:   'std::__cxx11::string {aka std::__cxx11::basic_string<char>}' is not derived from 'const std::allocator<_CharT>'
     if (haveMoney == 'yes') {
                      ^
In file included from /usr/include/c++/5/string:41:0,
                 from /usr/include/c++/5/bits/locale_classes.h:40,
                 from /usr/include/c++/5/bits/ios_base.h:41,
                 from /usr/include/c++/5/ios:42,
                 from /usr/include/c++/5/ostream:38,
                 from /usr/include/c++/5/iostream:39,
                 from /home/matthew/cis118/week8/Week8MatthewMorleyProg4Eat.cpp:1:
/usr/include/c++/5/bits/allocator.h:134:5: note: candidate: template<class _Tp> bool std::operator==(const std::allocator<_CharT>&, const std::allocator<_CharT>&)
     operator==(const allocator<_Tp>&, const allocator<_Tp>&)
     ^
/usr/include/c++/5/bits/allocator.h:134:5: note:   template argument deduction/substitution failed:
/home/matthew/cis118/week8/Week8MatthewMorleyProg4Eat.cpp:14:22: note:   'std::__cxx11::string {aka std::__cxx11::basic_string<char>}' is not derived from 'const std::allocator<_CharT>'
     if (haveMoney == 'yes') {
                      ^

[/home/matthew/cis118/week8/Week8MatthewMorleyProg4Eat.cpp 2018-10-04 17:33:18.140]
In file included from /usr/include/c++/5/string:52:0,
                 from /usr/include/c++/5/bits/locale_classes.h:40,
                 from /usr/include/c++/5/bits/ios_base.h:41,
                 from /usr/include/c++/5/ios:42,
                 from /usr/include/c++/5/ostream:38,
                 from /usr/include/c++/5/iostream:39,
                 from /home/matthew/cis118/week8/Week8MatthewMorleyProg4Eat.cpp:1:
/usr/include/c++/5/bits/basic_string.h:4904:5: note: candidate: template<class _CharT, class _Traits, class _Alloc> bool std::operator==(const std::__cxx11::basic_string<_CharT, _Traits, _Alloc>&, const std::__cxx11::basic_string<_CharT, _Traits, _Alloc>&)
     operator==(const basic_string<_CharT, _Traits, _Alloc>& __lhs,
     ^
/usr/include/c++/5/bits/basic_string.h:4904:5: note:   template argument deduction/substitution failed:
/home/matthew/cis118/week8/Week8MatthewMorleyProg4Eat.cpp:14:22: note:   mismatched types 'const std::__cxx11::basic_string<_CharT, _Traits, _Alloc>' and 'int'
     if (haveMoney == 'yes') {
                      ^
In file included from /usr/include/c++/5/string:52:0,
                 from /usr/include/c++/5/bits/locale_classes.h:40,
                 from /usr/include/c++/5/bits/ios_base.h:41,
                 from /usr/include/c++/5/ios:42,
                 from /usr/include/c++/5/ostream:38,
                 from /usr/include/c++/5/iostream:39,
                 from /home/matthew/cis118/week8/Week8MatthewMorleyProg4Eat.cpp:1:
/usr/include/c++/5/bits/basic_string.h:4911:5: note: candidate: template<class _CharT> typename __gnu_cxx::__enable_if<std::__is_char<_Tp>::__value, bool>::__type std::operator==(const std::__cxx11::basic_string<_CharT>&, const std::__cxx11::basic_string<_CharT>&)
     operator==(const basic_string<_CharT>& __lhs,
     ^
/usr/include/c++/5/bits/basic_string.h:4911:5: note:   template argument deduction/substitution failed:
/home/matthew/cis118/week8/Week8MatthewMorleyProg4Eat.cpp:14:22: note:   mismatched types 'const std::__cxx11::basic_string<_CharT>' and 'int'
     if (haveMoney == 'yes') {
                      ^
In file included from /usr/include/c++/5/string:52:0,
                 from /usr/include/c++/5/bits/locale_classes.h:40,
                 from /usr/include/c++/5/bits/ios_base.h:41,
                 from /usr/include/c++/5/ios:42,
                 from /usr/include/c++/5/ostream:38,
                 from /usr/include/c++/5/iostream:39,
                 from /home/matthew/cis118/week8/Week8MatthewMorleyProg4Eat.cpp:1:
/usr/include/c++/5/bits/basic_string.h:4925:5: note: candidate: template<class _CharT, class _Traits, class _Alloc> bool std::operator==(const _CharT*, const std::__cxx11::basic_string<_CharT, _Traits, _Alloc>&)
     operator==(const _CharT* __lhs,
     ^
/usr/include/c++/5/bits/basic_string.h:4925:5: note:   template argument deduction/substitution failed:
/home/matthew/cis118/week8/Week8MatthewMorleyProg4Eat.cpp:14:22: note:   mismatched types 'const _CharT*' and 'std::__cxx11::basic_string<char>'
     if (haveMoney == 'yes') {
                      ^
In file included from /usr/include/c++/5/string:52:0,
                 from /usr/include/c++/5/bits/locale_classes.h:40,
                 from /usr/include/c++/5/bits/ios_base.h:41,
                 from /usr/include/c++/5/ios:42,
                 from /usr/include/c++/5/ostream:38,
                 from /usr/include/c++/5/iostream:39,
                 from /home/matthew/cis118/week8/Week8MatthewMorleyProg4Eat.cpp:1:
/usr/include/c++/5/bits/basic_string.h:4937:5: note: candidate: template<class _CharT, class _Traits, class _Alloc> bool std::operator==(const std::__cxx11::basic_string<_CharT, _Traits, _Alloc>&, const _CharT*)
     operator==(const basic_string<_CharT, _Traits, _Alloc>& __lhs,
     ^
/usr/include/c++/5/bits/basic_string.h:4937:5: note:   template argument deduction/substitution failed:
/home/matthew/cis118/week8/Week8MatthewMorleyProg4Eat.cpp:14:22: note:   mismatched types 'const _CharT*' and 'int'
     if (haveMoney == 'yes') {
                      ^
In file included from /usr/include/c++/5/bits/locale_facets.h:48:0,
                 from /usr/include/c++/5/bits/basic_ios.h:37,
                 from /usr/include/c++/5/ios:44,
                 from /usr/include/c++/5/ostream:38,
                 from /usr/include/c++/5/iostream:39,
                 from /home/matthew/cis118/week8/Week8MatthewMorleyProg4Eat.cpp:1:
/usr/include/c++/5/bits/streambuf_iterator.h:204:5: note: candidate: template<class _CharT, class _Traits> bool std::operator==(const std::istreambuf_iterator<_CharT, _Traits>&, const std::istreambuf_iterator<_CharT, _Traits>&)
     operator==(const istreambuf_iterator<_CharT, _Traits>& __a,
     ^
/usr/include/c++/5/bits/streambuf_iterator.h:204:5: note:   template argument deduction/substitution failed:
/home/matthew/cis118/week8/Week8MatthewMorleyProg4Eat.cpp:14:22: note:   'std::__cxx11::string {aka std::__cxx11::basic_string<char>}' is not derived from 'const std::istreambuf_iterator<_CharT, _Traits>'
     if (haveMoney == 'yes') {
                      ^
In file included from /usr/include/x86_64-linux-gnu/c++/5/bits/c++allocator.h:33:0,
                 from /usr/include/c++/5/bits/allocator.h:46,
                 from /usr/include/c++/5/string:41,
                 from /usr/include/c++/5/bits/locale_classes.h:40,
                 from /usr/include/c++/5/bits/ios_base.h:41,
                 from /usr/include/c++/5/ios:42,
                 from /usr/include/c++/5/ostream:38,
                 from /usr/include/c++/5/iostream:39,
                 from /home/matthew/cis118/week8/Week8MatthewMorleyProg4Eat.cpp:1:
/usr/include/c++/5/ext/new_allocator.h:139:5: note: candidate: template<class _Tp> bool __gnu_cxx::operator==(const __gnu_cxx::new_allocator<_Tp>&, const __gnu_cxx::new_allocator<_Tp>&)
     operator==(const new_allocator<_Tp>&, const new_allocator<_Tp>&)
     ^
/usr/include/c++/5/ext/new_allocator.h:139:5: note:   template argument deduction/substitution failed:
/home/matthew/cis118/week8/Week8MatthewMorleyProg4Eat.cpp:14:22: note:   'std::__cxx11::string {aka std::__cxx11::basic_string<char>}' is not derived from 'const __gnu_cxx::new_allocator<_Tp>'
     if (haveMoney == 'yes') {
                      ^
In file included from /usr/include/c++/5/bits/stl_algobase.h:67:0,
                 from /usr/include/c++/5/bits/char_traits.h:39,
                 from /usr/include/c++/5/ios:40,
                 from /usr/include/c++/5/ostream:38,
                 from /usr/include/c++/5/iostream:39,
                 from /home/matthew/cis118/week8/Week8MatthewMorleyProg4Eat.cpp:1:
/usr/include/c++/5/bits/stl_iterator.h:827:5: note: candidate: template<class _Iterator, class _Container> bool __gnu_cxx::operator==(const __gnu_cxx::__normal_iterator<_Iterator, _Container>&, const __gnu_cxx::__normal_iterator<_Iterator, _Container>&)
     operator==(const __normal_iterator<_Iterator, _Container>& __lhs,
     ^
/usr/include/c++/5/bits/stl_iterator.h:827:5: note:   template argument deduction/substitution failed:
/home/matthew/cis118/week8/Week8MatthewMorleyProg4Eat.cpp:14:22: note:   'std::__cxx11::string {aka std::__cxx11::basic_string<char>}' is not derived from 'const __gnu_cxx::__normal_iterator<_Iterator, _Container>'
     if (haveMoney == 'yes') {
                      ^
In file included from /usr/include/c++/5/bits/stl_algobase.h:67:0,
                 from /usr/include/c++/5/bits/char_traits.h:39,
                 from /usr/include/c++/5/ios:40,
                 from /usr/include/c++/5/ostream:38,
                 from /usr/include/c++/5/iostream:39,
                 from /home/matthew/cis118/week8/Week8MatthewMorleyProg4Eat.cpp:1:
/usr/include/c++/5/bits/stl_iterator.h:820:5: note: candidate: template<class _IteratorL, class _IteratorR, class _Container> bool __gnu_cxx::operator==(const __gnu_cxx::__normal_iterator<_IteratorL, _Container>&, const __gnu_cxx::__normal_iterator<_IteratorR, _Container>&)
     operator==(const __normal_iterator<_IteratorL, _Container>& __lhs,
     ^
/usr/include/c++/5/bits/stl_iterator.h:820:5: note:   template argument deduction/substitution failed:
/home/matthew/cis118/week8/Week8MatthewMorleyProg4Eat.cpp:14:22: note:   'std::__cxx11::string {aka std::__cxx11::basic_string<char>}' is not derived from 'const __gnu_cxx::__normal_iterator<_IteratorL, _Container>'
     if (haveMoney == 'yes') {
                      ^
/home/matthew/cis118/week8/Week8MatthewMorleyProg4Eat.cpp:17:22: error: no match for 'operator==' (operand types are 'std::__cxx11::string {aka std::__cxx11::basic_string<char>}' and 'int')
         if (haveTime == 'yes') {
                      ^
In file included from /usr/include/c++/5/iosfwd:40:0,
                 from /usr/include/c++/5/ios:38,
                 from /usr/include/c++/5/ostream:38,
                 from /usr/include/c++/5/iostream:39,
                 from /home/matthew/cis118/week8/Week8MatthewMorleyProg4Eat.cpp:1:
/usr/include/c++/5/bits/postypes.h:216:5: note: candidate: template<class _StateT> bool std::operator==(const std::fpos<_StateT>&, const std::fpos<_StateT>&)
     operator==(const fpos<_StateT>& __lhs, const fpos<_StateT>& __rhs)
     ^
/usr/include/c++/5/bits/postypes.h:216:5: note:   template argument deduction/substitution failed:
/home/matthew/cis118/week8/Week8MatthewMorleyProg4Eat.cpp:17:25: note:   'std::__cxx11::string {aka std::__cxx11::basic_string<char>}' is not derived from 'const std::fpos<_StateT>'
         if (haveTime == 'yes') {
                         ^
In file included from /usr/include/c++/5/bits/stl_algobase.h:64:0,
                 from /usr/include/c++/5/bits/char_traits.h:39,
                 from /usr/include/c++/5/ios:40,
                 from /usr/include/c++/5/ostream:38,
                 from /usr/include/c++/5/iostream:39,
                 from /home/matthew/cis118/week8/Week8MatthewMorleyProg4Eat.cpp:1:
/usr/include/c++/5/bits/stl_pair.h:214:5: note: candidate: template<class _T1, class _T2> bool std::operator==(const std::pair<_T1, _T2>&, const std::pair<_T1, _T2>&)
     operator==(const pair<_T1, _T2>& __x, const pair<_T1, _T2>& __y)
     ^
/usr/include/c++/5/bits/stl_pair.h:214:5: note:   template argument deduction/substitution failed:
/home/matthew/cis118/week8/Week8MatthewMorleyProg4Eat.cpp:17:25: note:   'std::__cxx11::string {aka std::__cxx11::basic_string<char>}' is not derived from 'const std::pair<_T1, _T2>'
         if (haveTime == 'yes') {
                         ^
In file included from /usr/include/c++/5/bits/stl_algobase.h:67:0,
                 from /usr/include/c++/5/bits/char_traits.h:39,
                 from /usr/include/c++/5/ios:40,
                 from /usr/include/c++/5/ostream:38,
                 from /usr/include/c++/5/iostream:39,
                 from /home/matthew/cis118/week8/Week8MatthewMorleyProg4Eat.cpp:1:
/usr/include/c++/5/bits/stl_iterator.h:292:5: note: candidate: template<class _Iterator> bool std::operator==(const std::reverse_iterator<_Iterator>&, const std::reverse_iterator<_Iterator>&)
     operator==(const reverse_iterator<_Iterator>& __x,
     ^
/usr/include/c++/5/bits/stl_iterator.h:292:5: note:   template argument deduction/substitution failed:
/home/matthew/cis118/week8/Week8MatthewMorleyProg4Eat.cpp:17:25: note:   'std::__cxx11::string {aka std::__cxx11::basic_string<char>}' is not derived from 'const std::reverse_iterator<_Iterator>'
         if (haveTime == 'yes') {
                         ^

[/home/matthew/cis118/week8/Week8MatthewMorleyProg4Eat.cpp 2018-10-04 17:33:18.144]
In file included from /usr/include/c++/5/bits/stl_algobase.h:67:0,
                 from /usr/include/c++/5/bits/char_traits.h:39,
                 from /usr/include/c++/5/ios:40,
                 from /usr/include/c++/5/ostream:38,
                 from /usr/include/c++/5/iostream:39,
                 from /home/matthew/cis118/week8/Week8MatthewMorleyProg4Eat.cpp:1:
/usr/include/c++/5/bits/stl_iterator.h:342:5: note: candidate: template<class _IteratorL, class _IteratorR> bool std::operator==(const std::reverse_iterator<_Iterator>&, const std::reverse_iterator<_IteratorR>&)
     operator==(const reverse_iterator<_IteratorL>& __x,
     ^
/usr/include/c++/5/bits/stl_iterator.h:342:5: note:   template argument deduction/substitution failed:
/home/matthew/cis118/week8/Week8MatthewMorleyProg4Eat.cpp:17:25: note:   'std::__cxx11::string {aka std::__cxx11::basic_string<char>}' is not derived from 'const std::reverse_iterator<_Iterator>'
         if (haveTime == 'yes') {
                         ^
In file included from /usr/include/c++/5/string:41:0,
                 from /usr/include/c++/5/bits/locale_classes.h:40,
                 from /usr/include/c++/5/bits/ios_base.h:41,
                 from /usr/include/c++/5/ios:42,
                 from /usr/include/c++/5/ostream:38,
                 from /usr/include/c++/5/iostream:39,
                 from /home/matthew/cis118/week8/Week8MatthewMorleyProg4Eat.cpp:1:
/usr/include/c++/5/bits/allocator.h:128:5: note: candidate: template<class _T1, class _T2> bool std::operator==(const std::allocator<_CharT>&, const std::allocator<_T2>&)
     operator==(const allocator<_T1>&, const allocator<_T2>&)
     ^
/usr/include/c++/5/bits/allocator.h:128:5: note:   template argument deduction/substitution failed:
/home/matthew/cis118/week8/Week8MatthewMorleyProg4Eat.cpp:17:25: note:   'std::__cxx11::string {aka std::__cxx11::basic_string<char>}' is not derived from 'const std::allocator<_CharT>'
         if (haveTime == 'yes') {
                         ^
In file included from /usr/include/c++/5/string:41:0,
                 from /usr/include/c++/5/bits/locale_classes.h:40,
                 from /usr/include/c++/5/bits/ios_base.h:41,
                 from /usr/include/c++/5/ios:42,
                 from /usr/include/c++/5/ostream:38,
                 from /usr/include/c++/5/iostream:39,
                 from /home/matthew/cis118/week8/Week8MatthewMorleyProg4Eat.cpp:1:
/usr/include/c++/5/bits/allocator.h:134:5: note: candidate: template<class _Tp> bool std::operator==(const std::allocator<_CharT>&, const std::allocator<_CharT>&)
     operator==(const allocator<_Tp>&, const allocator<_Tp>&)
     ^
/usr/include/c++/5/bits/allocator.h:134:5: note:   template argument deduction/substitution failed:
/home/matthew/cis118/week8/Week8MatthewMorleyProg4Eat.cpp:17:25: note:   'std::__cxx11::string {aka std::__cxx11::basic_string<char>}' is not derived from 'const std::allocator<_CharT>'
         if (haveTime == 'yes') {
                         ^
In file included from /usr/include/c++/5/string:52:0,
                 from /usr/include/c++/5/bits/locale_classes.h:40,
                 from /usr/include/c++/5/bits/ios_base.h:41,
                 from /usr/include/c++/5/ios:42,
                 from /usr/include/c++/5/ostream:38,
                 from /usr/include/c++/5/iostream:39,
                 from /home/matthew/cis118/week8/Week8MatthewMorleyProg4Eat.cpp:1:
/usr/include/c++/5/bits/basic_string.h:4904:5: note: candidate: template<class _CharT, class _Traits, class _Alloc> bool std::operator==(const std::__cxx11::basic_string<_CharT, _Traits, _Alloc>&, const std::__cxx11::basic_string<_CharT, _Traits, _Alloc>&)
     operator==(const basic_string<_CharT, _Traits, _Alloc>& __lhs,
     ^
/usr/include/c++/5/bits/basic_string.h:4904:5: note:   template argument deduction/substitution failed:
/home/matthew/cis118/week8/Week8MatthewMorleyProg4Eat.cpp:17:25: note:   mismatched types 'const std::__cxx11::basic_string<_CharT, _Traits, _Alloc>' and 'int'
         if (haveTime == 'yes') {
                         ^
In file included from /usr/include/c++/5/string:52:0,
                 from /usr/include/c++/5/bits/locale_classes.h:40,
                 from /usr/include/c++/5/bits/ios_base.h:41,
                 from /usr/include/c++/5/ios:42,
                 from /usr/include/c++/5/ostream:38,
                 from /usr/include/c++/5/iostream:39,
                 from /home/matthew/cis118/week8/Week8MatthewMorleyProg4Eat.cpp:1:
/usr/include/c++/5/bits/basic_string.h:4911:5: note: candidate: template<class _CharT> typename __gnu_cxx::__enable_if<std::__is_char<_Tp>::__value, bool>::__type std::operator==(const std::__cxx11::basic_string<_CharT>&, const std::__cxx11::basic_string<_CharT>&)
     operator==(const basic_string<_CharT>& __lhs,
     ^
/usr/include/c++/5/bits/basic_string.h:4911:5: note:   template argument deduction/substitution failed:
/home/matthew/cis118/week8/Week8MatthewMorleyProg4Eat.cpp:17:25: note:   mismatched types 'const std::__cxx11::basic_string<_CharT>' and 'int'
         if (haveTime == 'yes') {
                         ^
In file included from /usr/include/c++/5/string:52:0,
                 from /usr/include/c++/5/bits/locale_classes.h:40,
                 from /usr/include/c++/5/bits/ios_base.h:41,
                 from /usr/include/c++/5/ios:42,
                 from /usr/include/c++/5/ostream:38,
                 from /usr/include/c++/5/iostream:39,
                 from /home/matthew/cis118/week8/Week8MatthewMorleyProg4Eat.cpp:1:
/usr/include/c++/5/bits/basic_string.h:4925:5: note: candidate: template<class _CharT, class _Traits, class _Alloc> bool std::operator==(const _CharT*, const std::__cxx11::basic_string<_CharT, _Traits, _Alloc>&)
     operator==(const _CharT* __lhs,
     ^
/usr/include/c++/5/bits/basic_string.h:4925:5: note:   template argument deduction/substitution failed:
/home/matthew/cis118/week8/Week8MatthewMorleyProg4Eat.cpp:17:25: note:   mismatched types 'const _CharT*' and 'std::__cxx11::basic_string<char>'
         if (haveTime == 'yes') {
                         ^
In file included from /usr/include/c++/5/string:52:0,
                 from /usr/include/c++/5/bits/locale_classes.h:40,
                 from /usr/include/c++/5/bits/ios_base.h:41,
                 from /usr/include/c++/5/ios:42,
                 from /usr/include/c++/5/ostream:38,
                 from /usr/include/c++/5/iostream:39,
                 from /home/matthew/cis118/week8/Week8MatthewMorleyProg4Eat.cpp:1:
/usr/include/c++/5/bits/basic_string.h:4937:5: note: candidate: template<class _CharT, class _Traits, class _Alloc> bool std::operator==(const std::__cxx11::basic_string<_CharT, _Traits, _Alloc>&, const _CharT*)
     operator==(const basic_string<_CharT, _Traits, _Alloc>& __lhs,
     ^
/usr/include/c++/5/bits/basic_string.h:4937:5: note:   template argument deduction/substitution failed:
/home/matthew/cis118/week8/Week8MatthewMorleyProg4Eat.cpp:17:25: note:   mismatched types 'const _CharT*' and 'int'
         if (haveTime == 'yes') {
                         ^
In file included from /usr/include/c++/5/bits/locale_facets.h:48:0,
                 from /usr/include/c++/5/bits/basic_ios.h:37,
                 from /usr/include/c++/5/ios:44,
                 from /usr/include/c++/5/ostream:38,
                 from /usr/include/c++/5/iostream:39,
                 from /home/matthew/cis118/week8/Week8MatthewMorleyProg4Eat.cpp:1:
/usr/include/c++/5/bits/streambuf_iterator.h:204:5: note: candidate: template<class _CharT, class _Traits> bool std::operator==(const std::istreambuf_iterator<_CharT, _Traits>&, const std::istreambuf_iterator<_CharT, _Traits>&)
     operator==(const istreambuf_iterator<_CharT, _Traits>& __a,
     ^
/usr/include/c++/5/bits/streambuf_iterator.h:204:5: note:   template argument deduction/substitution failed:
/home/matthew/cis118/week8/Week8MatthewMorleyProg4Eat.cpp:17:25: note:   'std::__cxx11::string {aka std::__cxx11::basic_string<char>}' is not derived from 'const std::istreambuf_iterator<_CharT, _Traits>'
         if (haveTime == 'yes') {
                         ^
In file included from /usr/include/x86_64-linux-gnu/c++/5/bits/c++allocator.h:33:0,
                 from /usr/include/c++/5/bits/allocator.h:46,
                 from /usr/include/c++/5/string:41,
                 from /usr/include/c++/5/bits/locale_classes.h:40,
                 from /usr/include/c++/5/bits/ios_base.h:41,
                 from /usr/include/c++/5/ios:42,
                 from /usr/include/c++/5/ostream:38,
                 from /usr/include/c++/5/iostream:39,
                 from /home/matthew/cis118/week8/Week8MatthewMorleyProg4Eat.cpp:1:
/usr/include/c++/5/ext/new_allocator.h:139:5: note: candidate: template<class _Tp> bool __gnu_cxx::operator==(const __gnu_cxx::new_allocator<_Tp>&, const __gnu_cxx::new_allocator<_Tp>&)
     operator==(const new_allocator<_Tp>&, const new_allocator<_Tp>&)
     ^
/usr/include/c++/5/ext/new_allocator.h:139:5: note:   template argument deduction/substitution failed:
/home/matthew/cis118/week8/Week8MatthewMorleyProg4Eat.cpp:17:25: note:   'std::__cxx11::string {aka std::__cxx11::basic_string<char>}' is not derived from 'const __gnu_cxx::new_allocator<_Tp>'
         if (haveTime == 'yes') {
                         ^
In file included from /usr/include/c++/5/bits/stl_algobase.h:67:0,
                 from /usr/include/c++/5/bits/char_traits.h:39,
                 from /usr/include/c++/5/ios:40,
                 from /usr/include/c++/5/ostream:38,
                 from /usr/include/c++/5/iostream:39,
                 from /home/matthew/cis118/week8/Week8MatthewMorleyProg4Eat.cpp:1:
/usr/include/c++/5/bits/stl_iterator.h:827:5: note: candidate: template<class _Iterator, class _Container> bool __gnu_cxx::operator==(const __gnu_cxx::__normal_iterator<_Iterator, _Container>&, const __gnu_cxx::__normal_iterator<_Iterator, _Container>&)
     operator==(const __normal_iterator<_Iterator, _Container>& __lhs,
     ^
/usr/include/c++/5/bits/stl_iterator.h:827:5: note:   template argument deduction/substitution failed:
/home/matthew/cis118/week8/Week8MatthewMorleyProg4Eat.cpp:17:25: note:   'std::__cxx11::string {aka std::__cxx11::basic_string<char>}' is not derived from 'const __gnu_cxx::__normal_iterator<_Iterator, _Container>'
         if (haveTime == 'yes') {
                         ^
In file included from /usr/include/c++/5/bits/stl_algobase.h:67:0,
                 from /usr/include/c++/5/bits/char_traits.h:39,
                 from /usr/include/c++/5/ios:40,
                 from /usr/include/c++/5/ostream:38,
                 from /usr/include/c++/5/iostream:39,
                 from /home/matthew/cis118/week8/Week8MatthewMorleyProg4Eat.cpp:1:
/usr/include/c++/5/bits/stl_iterator.h:820:5: note: candidate: template<class _IteratorL, class _IteratorR, class _Container> bool __gnu_cxx::operator==(const __gnu_cxx::__normal_iterator<_IteratorL, _Container>&, const __gnu_cxx::__normal_iterator<_IteratorR, _Container>&)
     operator==(const __normal_iterator<_IteratorL, _Container>& __lhs,
     ^
/usr/include/c++/5/bits/stl_iterator.h:820:5: note:   template argument deduction/substitution failed:
/home/matthew/cis118/week8/Week8MatthewMorleyProg4Eat.cpp:17:25: note:   'std::__cxx11::string {aka std::__cxx11::basic_string<char>}' is not derived from 'const __gnu_cxx::__normal_iterator<_IteratorL, _Container>'
         if (haveTime == 'yes') {
                         ^
/home/matthew/cis118/week8/Week8MatthewMorleyProg4Eat.cpp:20:26: error: no match for 'operator==' (operand types are 'std::__cxx11::string {aka std::__cxx11::basic_string<char>}' and 'int')
             if (amHungry == 'yes') {
                          ^
In file included from /usr/include/c++/5/iosfwd:40:0,
                 from /usr/include/c++/5/ios:38,
                 from /usr/include/c++/5/ostream:38,
                 from /usr/include/c++/5/iostream:39,
                 from /home/matthew/cis118/week8/Week8MatthewMorleyProg4Eat.cpp:1:
/usr/include/c++/5/bits/postypes.h:216:5: note: candidate: template<class _StateT> bool std::operator==(const std::fpos<_StateT>&, const std::fpos<_StateT>&)
     operator==(const fpos<_StateT>& __lhs, const fpos<_StateT>& __rhs)
     ^
/usr/include/c++/5/bits/postypes.h:216:5: note:   template argument deduction/substitution failed:
/home/matthew/cis118/week8/Week8MatthewMorleyProg4Eat.cpp:20:29: note:   'std::__cxx11::string {aka std::__cxx11::basic_string<char>}' is not derived from 'const std::fpos<_StateT>'
             if (amHungry == 'yes') {
                             ^
In file included from /usr/include/c++/5/bits/stl_algobase.h:64:0,
                 from /usr/include/c++/5/bits/char_traits.h:39,
                 from /usr/include/c++/5/ios:40,
                 from /usr/include/c++/5/ostream:38,
                 from /usr/include/c++/5/iostream:39,
                 from /home/matthew/cis118/week8/Week8MatthewMorleyProg4Eat.cpp:1:
/usr/include/c++/5/bits/stl_pair.h:214:5: note: candidate: template<class _T1, class _T2> bool std::operator==(const std::pair<_T1, _T2>&, const std::pair<_T1, _T2>&)
     operator==(const pair<_T1, _T2>& __x, const pair<_T1, _T2>& __y)
     ^
/usr/include/c++/5/bits/stl_pair.h:214:5: note:   template argument deduction/substitution failed:
/home/matthew/cis118/week8/Week8MatthewMorleyProg4Eat.cpp:20:29: note:   'std::__cxx11::string {aka std::__cxx11::basic_string<char>}' is not derived from 'const std::pair<_T1, _T2>'
             if (amHungry == 'yes') {
                             ^
In file included from /usr/include/c++/5/bits/stl_algobase.h:67:0,
                 from /usr/include/c++/5/bits/char_traits.h:39,
                 from /usr/include/c++/5/ios:40,
                 from /usr/include/c++/5/ostream:38,
                 from /usr/include/c++/5/iostream:39,
                 from /home/matthew/cis118/week8/Week8MatthewMorleyProg4Eat.cpp:1:
/usr/include/c++/5/bits/stl_iterator.h:292:5: note: candidate: template<class _Iterator> bool std::operator==(const std::reverse_iterator<_Iterator>&, const std::reverse_iterator<_Iterator>&)
     operator==(const reverse_iterator<_Iterator>& __x,
     ^
/usr/include/c++/5/bits/stl_iterator.h:292:5: note:   template argument deduction/substitution failed:
/home/matthew/cis118/week8/Week8MatthewMorleyProg4Eat.cpp:20:29: note:   'std::__cxx11::string {aka std::__cxx11::basic_string<char>}' is not derived from 'const std::reverse_iterator<_Iterator>'
             if (amHungry == 'yes') {
                             ^
In file included from /usr/include/c++/5/bits/stl_algobase.h:67:0,
                 from /usr/include/c++/5/bits/char_traits.h:39,
                 from /usr/include/c++/5/ios:40,
                 from /usr/include/c++/5/ostream:38,
                 from /usr/include/c++/5/iostream:39,
                 from /home/matthew/cis118/week8/Week8MatthewMorleyProg4Eat.cpp:1:
/usr/include/c++/5/bits/stl_iterator.h:342:5: note: candidate: template<class _IteratorL, class _IteratorR> bool std::operator==(const std::reverse_iterator<_Iterator>&, const std::reverse_iterator<_IteratorR>&)
     operator==(const reverse_iterator<_IteratorL>& __x,
     ^
/usr/include/c++/5/bits/stl_iterator.h:342:5: note:   template argument deduction/substitution failed:
/home/matthew/cis118/week8/Week8MatthewMorleyProg4Eat.cpp:20:29: note:   'std::__cxx11::string {aka std::__cxx11::basic_string<char>}' is not derived from 'const std::reverse_iterator<_Iterator>'
             if (amHungry == 'yes') {
                             ^
In file included from /usr/include/c++/5/string:41:0,
                 from /usr/include/c++/5/bits/locale_classes.h:40,
                 from /usr/include/c++/5/bits/ios_base.h:41,
                 from /usr/include/c++/5/ios:42,
                 from /usr/include/c++/5/ostream:38,
                 from /usr/include/c++/5/iostream:39,
                 from /home/matthew/cis118/week8/Week8MatthewMorleyProg4Eat.cpp:1:
/usr/include/c++/5/bits/allocator.h:128:5: note: candidate: template<class _T1, class _T2> bool std::operator==(const std::allocator<_CharT>&, const std::allocator<_T2>&)
     operator==(const allocator<_T1>&, const allocator<_T2>&)
     ^
/usr/include/c++/5/bits/allocator.h:128:5: note:   template argument deduction/substitution failed:
/home/matthew/cis118/week8/Week8MatthewMorleyProg4Eat.cpp:20:29: note:   'std::__cxx11::string {aka std::__cxx11::basic_string<char>}' is not derived from 'const std::allocator<_CharT>'
             if (amHungry == 'yes') {
                             ^
In file included from /usr/include/c++/5/string:41:0,
                 from /usr/include/c++/5/bits/locale_classes.h:40,
                 from /usr/include/c++/5/bits/ios_base.h:41,
                 from /usr/include/c++/5/ios:42,
                 from /usr/include/c++/5/ostream:38,
                 from /usr/include/c++/5/iostream:39,
                 from /home/matthew/cis118/week8/Week8MatthewMorleyProg4Eat.cpp:1:
/usr/include/c++/5/bits/allocator.h:134:5: note: candidate: template<class _Tp> bool std::operator==(const std::allocator<_CharT>&, const std::allocator<_CharT>&)
     operator==(const allocator<_Tp>&, const allocator<_Tp>&)
     ^
/usr/include/c++/5/bits/allocator.h:134:5: note:   template argument deduction/substitution failed:
/home/matthew/cis118/week8/Week8MatthewMorleyProg4Eat.cpp:20:29: note:   'std::__cxx11::string {aka std::__cxx11::basic_string<char>}' is not derived from 'const std::allocator<_CharT>'
             if (amHungry == 'yes') {
                             ^
In file included from /usr/include/c++/5/string:52:0,
                 from /usr/include/c++/5/bits/locale_classes.h:40,
                 from /usr/include/c++/5/bits/ios_base.h:41,
                 from /usr/include/c++/5/ios:42,
                 from /usr/include/c++/5/ostream:38,
                 from /usr/include/c++/5/iostream:39,
                 from /home/matthew/cis118/week8/Week8MatthewMorleyProg4Eat.cpp:1:
/usr/include/c++/5/bits/basic_string.h:4904:5: note: candidate: template<class _CharT, class _Traits, class _Alloc> bool std::operator==(const std::__cxx11::basic_string<_CharT, _Traits, _Alloc>&, const std::__cxx11::basic_string<_CharT, _Traits, _Alloc>&)
     operator==(const basic_string<_CharT, _Traits, _Alloc>& __lhs,
     ^
/usr/include/c++/5/bits/basic_string.h:4904:5: note:   template argument deduction/substitution failed:
/home/matthew/cis118/week8/Week8MatthewMorleyProg4Eat.cpp:20:29: note:   mismatched types 'const std::__cxx11::basic_string<_CharT, _Traits, _Alloc>' and 'int'
             if (amHungry == 'yes') {
                             ^
In file included from /usr/include/c++/5/string:52:0,
                 from /usr/include/c++/5/bits/locale_classes.h:40,
                 from /usr/include/c++/5/bits/ios_base.h:41,
                 from /usr/include/c++/5/ios:42,
                 from /usr/include/c++/5/ostream:38,
                 from /usr/include/c++/5/iostream:39,
                 from /home/matthew/cis118/week8/Week8MatthewMorleyProg4Eat.cpp:1:
/usr/include/c++/5/bits/basic_string.h:4911:5: note: candidate: template<class _CharT> typename __gnu_cxx::__enable_if<std::__is_char<_Tp>::__value, bool>::__type std::operator==(const std::__cxx11::basic_string<_CharT>&, const std::__cxx11::basic_string<_CharT>&)
     operator==(const basic_string<_CharT>& __lhs,
     ^
/usr/include/c++/5/bits/basic_string.h:4911:5: note:   template argument deduction/substitution failed:
/home/matthew/cis118/week8/Week8MatthewMorleyProg4Eat.cpp:20:29: note:   mismatched types 'const std::__cxx11::basic_string<_CharT>' and 'int'
             if (amHungry == 'yes') {
                             ^
In file included from /usr/include/c++/5/string:52:0,
                 from /usr/include/c++/5/bits/locale_classes.h:40,
                 from /usr/include/c++/5/bits/ios_base.h:41,
                 from /usr/include/c++/5/ios:42,
                 from /usr/include/c++/5/ostream:38,
                 from /usr/include/c++/5/iostream:39,
                 from /home/matthew/cis118/week8/Week8MatthewMorleyProg4Eat.cpp:1:
/usr/include/c++/5/bits/basic_string.h:4925:5: note: candidate: template<class _CharT, class _Traits, class _Alloc> bool std::operator==(const _CharT*, const std::__cxx11::basic_string<_CharT, _Traits, _Alloc>&)
     operator==(const _CharT* __lhs,
     ^
/usr/include/c++/5/bits/basic_string.h:4925:5: note:   template argument deduction/substitution failed:
/home/matthew/cis118/week8/Week8MatthewMorleyProg4Eat.cpp:20:29: note:   mismatched types 'const _CharT*' and 'std::__cxx11::basic_string<char>'
             if (amHungry == 'yes') {
                             ^
In file included from /usr/include/c++/5/string:52:0,
                 from /usr/include/c++/5/bits/locale_classes.h:40,
                 from /usr/include/c++/5/bits/ios_base.h:41,
                 from /usr/include/c++/5/ios:42,
                 from /usr/include/c++/5/ostream:38,
                 from /usr/include/c++/5/iostream:39,
                 from /home/matthew/cis118/week8/Week8MatthewMorleyProg4Eat.cpp:1:
/usr/include/c++/5/bits/basic_string.h:4937:5: note: candidate: template<class _CharT, class _Traits, class _Alloc> bool std::operator==(const std::__cxx11::basic_string<_CharT, _Traits, _Alloc>&, const _CharT*)
     operator==(const basic_string<_CharT, _Traits, _Alloc>& __lhs,
     ^
/usr/include/c++/5/bits/basic_string.h:4937:5: note:   template argument deduction/substitution failed:
/home/matthew/cis118/week8/Week8MatthewMorleyProg4Eat.cpp:20:29: note:   mismatched types 'const _CharT*' and 'int'
             if (amHungry == 'yes') {
                             ^
In file included from /usr/include/c++/5/bits/locale_facets.h:48:0,
                 from /usr/include/c++/5/bits/basic_ios.h:37,
                 from /usr/include/c++/5/ios:44,
                 from /usr/include/c++/5/ostream:38,
                 from /usr/include/c++/5/iostream:39,
                 from /home/matthew/cis118/week8/Week8MatthewMorleyProg4Eat.cpp:1:
/usr/include/c++/5/bits/streambuf_iterator.h:204:5: note: candidate: template<class _CharT, class _Traits> bool std::operator==(const std::istreambuf_iterator<_CharT, _Traits>&, const std::istreambuf_iterator<_CharT, _Traits>&)
     operator==(const istreambuf_iterator<_CharT, _Traits>& __a,
     ^
/usr/include/c++/5/bits/streambuf_iterator.h:204:5: note:   template argument deduction/substitution failed:
/home/matthew/cis118/week8/Week8MatthewMorleyProg4Eat.cpp:20:29: note:   'std::__cxx11::string {aka std::__cxx11::basic_string<char>}' is not derived from 'const std::istreambuf_iterator<_CharT, _Traits>'
             if (amHungry == 'yes') {
                             ^
In file included from /usr/include/x86_64-linux-gnu/c++/5/bits/c++allocator.h:33:0,
                 from /usr/include/c++/5/bits/allocator.h:46,
                 from /usr/include/c++/5/string:41,
                 from /usr/include/c++/5/bits/locale_classes.h:40,
                 from /usr/include/c++/5/bits/ios_base.h:41,
                 from /usr/include/c++/5/ios:42,
                 from /usr/include/c++/5/ostream:38,
                 from /usr/include/c++/5/iostream:39,
                 from /home/matthew/cis118/week8/Week8MatthewMorleyProg4Eat.cpp:1:
/usr/include/c++/5/ext/new_allocator.h:139:5: note: candidate: template<class _Tp> bool __gnu_cxx::operator==(const __gnu_cxx::new_allocator<_Tp>&, const __gnu_cxx::new_allocator<_Tp>&)
     operator==(const new_allocator<_Tp>&, const new_allocator<_Tp>&)
     ^
/usr/include/c++/5/ext/new_allocator.h:139:5: note:   template argument deduction/substitution failed:
/home/matthew/cis118/week8/Week8MatthewMorleyProg4Eat.cpp:20:29: note:   'std::__cxx11::string {aka std::__cxx11::basic_string<char>}' is not derived from 'const __gnu_cxx::new_allocator<_Tp>'
             if (amHungry == 'yes') {
                             ^
In file included from /usr/include/c++/5/bits/stl_algobase.h:67:0,
                 from /usr/include/c++/5/bits/char_traits.h:39,
                 from /usr/include/c++/5/ios:40,
                 from /usr/include/c++/5/ostream:38,
                 from /usr/include/c++/5/iostream:39,
                 from /home/matthew/cis118/week8/Week8MatthewMorleyProg4Eat.cpp:1:
/usr/include/c++/5/bits/stl_iterator.h:827:5: note: candidate: template<class _Iterator, class _Container> bool __gnu_cxx::operator==(const __gnu_cxx::__normal_iterator<_Iterator, _Container>&, const __gnu_cxx::__normal_iterator<_Iterator, _Container>&)
     operator==(const __normal_iterator<_Iterator, _Container>& __lhs,
     ^
/usr/include/c++/5/bits/stl_iterator.h:827:5: note:   template argument deduction/substitution failed:
/home/matthew/cis118/week8/Week8MatthewMorleyProg4Eat.cpp:20:29: note:   'std::__cxx11::string {aka std::__cxx11::basic_string<char>}' is not derived from 'const __gnu_cxx::__normal_iterator<_Iterator, _Container>'
             if (amHungry == 'yes') {
                             ^
In file included from /usr/include/c++/5/bits/stl_algobase.h:67:0,
                 from /usr/include/c++/5/bits/char_traits.h:39,
                 from /usr/include/c++/5/ios:40,
                 from /usr/include/c++/5/ostream:38,
                 from /usr/include/c++/5/iostream:39,
                 from /home/matthew/cis118/week8/Week8MatthewMorleyProg4Eat.cpp:1:
/usr/include/c++/5/bits/stl_iterator.h:820:5: note: candidate: template<class _IteratorL, class _IteratorR, class _Container> bool __gnu_cxx::operator==(const __gnu_cxx::__normal_iterator<_IteratorL, _Container>&, const __gnu_cxx::__normal_iterator<_IteratorR, _Container>&)
     operator==(const __normal_iterator<_IteratorL, _Container>& __lhs,
     ^
/usr/include/c++/5/bits/stl_iterator.h:820:5: note:   template argument deduction/substitution failed:
/home/matthew/cis118/week8/Week8MatthewMorleyProg4Eat.cpp:20:29: note:   'std::__cxx11::string {aka std::__cxx11::basic_string<char>}' is not derived from 'const __gnu_cxx::__normal_iterator<_IteratorL, _Container>'
             if (amHungry == 'yes') {
                             ^
/home/matthew/cis118/week8/Week8MatthewMorleyProg4Eat.cpp:23:36: error: no match for 'operator==' (operand types are 'std::__cxx11::string {aka std::__cxx11::basic_string<char>}' and 'int')
                 if (resturauntOpen == 'yes') {
                                    ^
In file included from /usr/include/c++/5/iosfwd:40:0,
                 from /usr/include/c++/5/ios:38,
                 from /usr/include/c++/5/ostream:38,
                 from /usr/include/c++/5/iostream:39,
                 from /home/matthew/cis118/week8/Week8MatthewMorleyProg4Eat.cpp:1:
/usr/include/c++/5/bits/postypes.h:216:5: note: candidate: template<class _StateT> bool std::operator==(const std::fpos<_StateT>&, const std::fpos<_StateT>&)
     operator==(const fpos<_StateT>& __lhs, const fpos<_StateT>& __rhs)
     ^
/usr/include/c++/5/bits/postypes.h:216:5: note:   template argument deduction/substitution failed:
/home/matthew/cis118/week8/Week8MatthewMorleyProg4Eat.cpp:23:39: note:   'std::__cxx11::string {aka std::__cxx11::basic_string<char>}' is not derived from 'const std::fpos<_StateT>'
                 if (resturauntOpen == 'yes') {
                                       ^
In file included from /usr/include/c++/5/bits/stl_algobase.h:64:0,
                 from /usr/include/c++/5/bits/char_traits.h:39,
                 from /usr/include/c++/5/ios:40,
                 from /usr/include/c++/5/ostream:38,
                 from /usr/include/c++/5/iostream:39,
                 from /home/matthew/cis118/week8/Week8MatthewMorleyProg4Eat.cpp:1:
/usr/include/c++/5/bits/stl_pair.h:214:5: note: candidate: template<class _T1, class _T2> bool std::operator==(const std::pair<_T1, _T2>&, const std::pair<_T1, _T2>&)
     operator==(const pair<_T1, _T2>& __x, const pair<_T1, _T2>& __y)
     ^
/usr/include/c++/5/bits/stl_pair.h:214:5: note:   template argument deduction/substitution failed:
/home/matthew/cis118/week8/Week8MatthewMorleyProg4Eat.cpp:23:39: note:   'std::__cxx11::string {aka std::__cxx11::basic_string<char>}' is not derived from 'const std::pair<_T1, _T2>'
                 if (resturauntOpen == 'yes') {
                                       ^
In file included from /usr/include/c++/5/bits/stl_algobase.h:67:0,
                 from /usr/include/c++/5/bits/char_traits.h:39,
                 from /usr/include/c++/5/ios:40,
                 from /usr/include/c++/5/ostream:38,
                 from /usr/include/c++/5/iostream:39,
                 from /home/matthew/cis118/week8/Week8MatthewMorleyProg4Eat.cpp:1:
/usr/include/c++/5/bits/stl_iterator.h:292:5: note: candidate: template<class _Iterator> bool std::operator==(const std::reverse_iterator<_Iterator>&, const std::reverse_iterator<_Iterator>&)
     operator==(const reverse_iterator<_Iterator>& __x,
     ^
/usr/include/c++/5/bits/stl_iterator.h:292:5: note:   template argument deduction/substitution failed:
/home/matthew/cis118/week8/Week8MatthewMorleyProg4Eat.cpp:23:39: note:   'std::__cxx11::string {aka std::__cxx11::basic_string<char>}' is not derived from 'const std::reverse_iterator<_Iterator>'
                 if (resturauntOpen == 'yes') {
                                       ^
In file included from /usr/include/c++/5/bits/stl_algobase.h:67:0,
                 from /usr/include/c++/5/bits/char_traits.h:39,
                 from /usr/include/c++/5/ios:40,
                 from /usr/include/c++/5/ostream:38,
                 from /usr/include/c++/5/iostream:39,
                 from /home/matthew/cis118/week8/Week8MatthewMorleyProg4Eat.cpp:1:
/usr/include/c++/5/bits/stl_iterator.h:342:5: note: candidate: template<class _IteratorL, class _IteratorR> bool std::operator==(const std::reverse_iterator<_Iterator>&, const std::reverse_iterator<_IteratorR>&)
     operator==(const reverse_iterator<_IteratorL>& __x,
     ^
/usr/include/c++/5/bits/stl_iterator.h:342:5: note:   template argument deduction/substitution failed:
/home/matthew/cis118/week8/Week8MatthewMorleyProg4Eat.cpp:23:39: note:   'std::__cxx11::string {aka std::__cxx11::basic_string<char>}' is not derived from 'const std::reverse_iterator<_Iterator>'
                 if (resturauntOpen == 'yes') {
                                       ^
In file included from /usr/include/c++/5/string:41:0,
                 from /usr/include/c++/5/bits/locale_classes.h:40,
                 from /usr/include/c++/5/bits/ios_base.h:41,
                 from /usr/include/c++/5/ios:42,
                 from /usr/include/c++/5/ostream:38,
                 from /usr/include/c++/5/iostream:39,
                 from /home/matthew/cis118/week8/Week8MatthewMorleyProg4Eat.cpp:1:
/usr/include/c++/5/bits/allocator.h:128:5: note: candidate: template<class _T1, class _T2> bool std::operator==(const std::allocator<_CharT>&, const std::allocator<_T2>&)
     operator==(const allocator<_T1>&, const allocator<_T2>&)
     ^
/usr/include/c++/5/bits/allocator.h:128:5: note:   template argument deduction/substitution failed:
/home/matthew/cis118/week8/Week8MatthewMorleyProg4Eat.cpp:23:39: note:   'std::__cxx11::string {aka std::__cxx11::basic_string<char>}' is not derived from 'const std::allocator<_CharT>'
                 if (resturauntOpen == 'yes') {
                                       ^
In file included from /usr/include/c++/5/string:41:0,
                 from /usr/include/c++/5/bits/locale_classes.h:40,
                 from /usr/include/c++/5/bits/ios_base.h:41,
                 from /usr/include/c++/5/ios:42,
                 from /usr/include/c++/5/ostream:38,
                 from /usr/include/c++/5/iostream:39,
                 from /home/matthew/cis118/week8/Week8MatthewMorleyProg4Eat.cpp:1:
/usr/include/c++/5/bits/allocator.h:134:5: note: candidate: template<class _Tp> bool std::operator==(const std::allocator<_CharT>&, const std::allocator<_CharT>&)
     operator==(const allocator<_Tp>&, const allocator<_Tp>&)
     ^
/usr/include/c++/5/bits/allocator.h:134:5: note:   template argument deduction/substitution failed:
/home/matthew/cis118/week8/Week8MatthewMorleyProg4Eat.cpp:23:39: note:   'std::__cxx11::string {aka std::__cxx11::basic_string<char>}' is not derived from 'const std::allocator<_CharT>'
                 if (resturauntOpen == 'yes') {
                                       ^

[/home/matthew/cis118/week8/Week8MatthewMorleyProg4Eat.cpp 2018-10-04 17:33:18.145]
In file included from /usr/include/c++/5/string:52:0,
                 from /usr/include/c++/5/bits/locale_classes.h:40,
                 from /usr/include/c++/5/bits/ios_base.h:41,
                 from /usr/include/c++/5/ios:42,
                 from /usr/include/c++/5/ostream:38,
                 from /usr/include/c++/5/iostream:39,
                 from /home/matthew/cis118/week8/Week8MatthewMorleyProg4Eat.cpp:1:
/usr/include/c++/5/bits/basic_string.h:4904:5: note: candidate: template<class _CharT, class _Traits, class _Alloc> bool std::operator==(const std::__cxx11::basic_string<_CharT, _Traits, _Alloc>&, const std::__cxx11::basic_string<_CharT, _Traits, _Alloc>&)
     operator==(const basic_string<_CharT, _Traits, _Alloc>& __lhs,
     ^
/usr/include/c++/5/bits/basic_string.h:4904:5: note:   template argument deduction/substitution failed:
/home/matthew/cis118/week8/Week8MatthewMorleyProg4Eat.cpp:23:39: note:   mismatched types 'const std::__cxx11::basic_string<_CharT, _Traits, _Alloc>' and 'int'
                 if (resturauntOpen == 'yes') {
                                       ^
In file included from /usr/include/c++/5/string:52:0,
                 from /usr/include/c++/5/bits/locale_classes.h:40,
                 from /usr/include/c++/5/bits/ios_base.h:41,
                 from /usr/include/c++/5/ios:42,
                 from /usr/include/c++/5/ostream:38,
                 from /usr/include/c++/5/iostream:39,
                 from /home/matthew/cis118/week8/Week8MatthewMorleyProg4Eat.cpp:1:
/usr/include/c++/5/bits/basic_string.h:4911:5: note: candidate: template<class _CharT> typename __gnu_cxx::__enable_if<std::__is_char<_Tp>::__value, bool>::__type std::operator==(const std::__cxx11::basic_string<_CharT>&, const std::__cxx11::basic_string<_CharT>&)
     operator==(const basic_string<_CharT>& __lhs,
     ^
/usr/include/c++/5/bits/basic_string.h:4911:5: note:   template argument deduction/substitution failed:
/home/matthew/cis118/week8/Week8MatthewMorleyProg4Eat.cpp:23:39: note:   mismatched types 'const std::__cxx11::basic_string<_CharT>' and 'int'
                 if (resturauntOpen == 'yes') {
                                       ^
In file included from /usr/include/c++/5/string:52:0,
                 from /usr/include/c++/5/bits/locale_classes.h:40,
                 from /usr/include/c++/5/bits/ios_base.h:41,
                 from /usr/include/c++/5/ios:42,
                 from /usr/include/c++/5/ostream:38,
                 from /usr/include/c++/5/iostream:39,
                 from /home/matthew/cis118/week8/Week8MatthewMorleyProg4Eat.cpp:1:
/usr/include/c++/5/bits/basic_string.h:4925:5: note: candidate: template<class _CharT, class _Traits, class _Alloc> bool std::operator==(const _CharT*, const std::__cxx11::basic_string<_CharT, _Traits, _Alloc>&)
     operator==(const _CharT* __lhs,
     ^
/usr/include/c++/5/bits/basic_string.h:4925:5: note:   template argument deduction/substitution failed:
/home/matthew/cis118/week8/Week8MatthewMorleyProg4Eat.cpp:23:39: note:   mismatched types 'const _CharT*' and 'std::__cxx11::basic_string<char>'
                 if (resturauntOpen == 'yes') {
                                       ^
In file included from /usr/include/c++/5/string:52:0,
                 from /usr/include/c++/5/bits/locale_classes.h:40,
                 from /usr/include/c++/5/bits/ios_base.h:41,
                 from /usr/include/c++/5/ios:42,
                 from /usr/include/c++/5/ostream:38,
                 from /usr/include/c++/5/iostream:39,
                 from /home/matthew/cis118/week8/Week8MatthewMorleyProg4Eat.cpp:1:
/usr/include/c++/5/bits/basic_string.h:4937:5: note: candidate: template<class _CharT, class _Traits, class _Alloc> bool std::operator==(const std::__cxx11::basic_string<_CharT, _Traits, _Alloc>&, const _CharT*)
     operator==(const basic_string<_CharT, _Traits, _Alloc>& __lhs,
     ^
/usr/include/c++/5/bits/basic_string.h:4937:5: note:   template argument deduction/substitution failed:
/home/matthew/cis118/week8/Week8MatthewMorleyProg4Eat.cpp:23:39: note:   mismatched types 'const _CharT*' and 'int'
                 if (resturauntOpen == 'yes') {
                                       ^
In file included from /usr/include/c++/5/bits/locale_facets.h:48:0,
                 from /usr/include/c++/5/bits/basic_ios.h:37,
                 from /usr/include/c++/5/ios:44,
                 from /usr/include/c++/5/ostream:38,
                 from /usr/include/c++/5/iostream:39,
                 from /home/matthew/cis118/week8/Week8MatthewMorleyProg4Eat.cpp:1:
/usr/include/c++/5/bits/streambuf_iterator.h:204:5: note: candidate: template<class _CharT, class _Traits> bool std::operator==(const std::istreambuf_iterator<_CharT, _Traits>&, const std::istreambuf_iterator<_CharT, _Traits>&)
     operator==(const istreambuf_iterator<_CharT, _Traits>& __a,
     ^
/usr/include/c++/5/bits/streambuf_iterator.h:204:5: note:   template argument deduction/substitution failed:
/home/matthew/cis118/week8/Week8MatthewMorleyProg4Eat.cpp:23:39: note:   'std::__cxx11::string {aka std::__cxx11::basic_string<char>}' is not derived from 'const std::istreambuf_iterator<_CharT, _Traits>'
                 if (resturauntOpen == 'yes') {
                                       ^
In file included from /usr/include/x86_64-linux-gnu/c++/5/bits/c++allocator.h:33:0,
                 from /usr/include/c++/5/bits/allocator.h:46,
                 from /usr/include/c++/5/string:41,
                 from /usr/include/c++/5/bits/locale_classes.h:40,
                 from /usr/include/c++/5/bits/ios_base.h:41,
                 from /usr/include/c++/5/ios:42,
                 from /usr/include/c++/5/ostream:38,
                 from /usr/include/c++/5/iostream:39,
                 from /home/matthew/cis118/week8/Week8MatthewMorleyProg4Eat.cpp:1:
/usr/include/c++/5/ext/new_allocator.h:139:5: note: candidate: template<class _Tp> bool __gnu_cxx::operator==(const __gnu_cxx::new_allocator<_Tp>&, const __gnu_cxx::new_allocator<_Tp>&)
     operator==(const new_allocator<_Tp>&, const new_allocator<_Tp>&)
     ^
/usr/include/c++/5/ext/new_allocator.h:139:5: note:   template argument deduction/substitution failed:
/home/matthew/cis118/week8/Week8MatthewMorleyProg4Eat.cpp:23:39: note:   'std::__cxx11::string {aka std::__cxx11::basic_string<char>}' is not derived from 'const __gnu_cxx::new_allocator<_Tp>'
                 if (resturauntOpen == 'yes') {
                                       ^
In file included from /usr/include/c++/5/bits/stl_algobase.h:67:0,
                 from /usr/include/c++/5/bits/char_traits.h:39,
                 from /usr/include/c++/5/ios:40,
                 from /usr/include/c++/5/ostream:38,
                 from /usr/include/c++/5/iostream:39,
                 from /home/matthew/cis118/week8/Week8MatthewMorleyProg4Eat.cpp:1:
/usr/include/c++/5/bits/stl_iterator.h:827:5: note: candidate: template<class _Iterator, class _Container> bool __gnu_cxx::operator==(const __gnu_cxx::__normal_iterator<_Iterator, _Container>&, const __gnu_cxx::__normal_iterator<_Iterator, _Container>&)
     operator==(const __normal_iterator<_Iterator, _Container>& __lhs,
     ^
/usr/include/c++/5/bits/stl_iterator.h:827:5: note:   template argument deduction/substitution failed:
/home/matthew/cis118/week8/Week8MatthewMorleyProg4Eat.cpp:23:39: note:   'std::__cxx11::string {aka std::__cxx11::basic_string<char>}' is not derived from 'const __gnu_cxx::__normal_iterator<_Iterator, _Container>'
                 if (resturauntOpen == 'yes') {
                                       ^
In file included from /usr/include/c++/5/bits/stl_algobase.h:67:0,
                 from /usr/include/c++/5/bits/char_traits.h:39,
                 from /usr/include/c++/5/ios:40,
                 from /usr/include/c++/5/ostream:38,
                 from /usr/include/c++/5/iostream:39,
                 from /home/matthew/cis118/week8/Week8MatthewMorleyProg4Eat.cpp:1:
/usr/include/c++/5/bits/stl_iterator.h:820:5: note: candidate: template<class _IteratorL, class _IteratorR, class _Container> bool __gnu_cxx::operator==(const __gnu_cxx::__normal_iterator<_IteratorL, _Container>&, const __gnu_cxx::__normal_iterator<_IteratorR, _Container>&)
     operator==(const __normal_iterator<_IteratorL, _Container>& __lhs,
     ^
/usr/include/c++/5/bits/stl_iterator.h:820:5: note:   template argument deduction/substitution failed:
/home/matthew/cis118/week8/Week8MatthewMorleyProg4Eat.cpp:23:39: note:   'std::__cxx11::string {aka std::__cxx11::basic_string<char>}' is not derived from 'const __gnu_cxx::__normal_iterator<_IteratorL, _Container>'
                 if (resturauntOpen == 'yes') {
                                       ^
/home/matthew/cis118/week8/Week8MatthewMorleyProg4Eat.cpp:26:44: error: no match for 'operator==' (operand types are 'std::__cxx11::string {aka std::__cxx11::basic_string<char>}' and 'int')
                     if (haveTransportation == 'yes') {
                                            ^

[/home/matthew/cis118/week8/Week8MatthewMorleyProg4Eat.cpp 2018-10-04 17:33:18.146]
In file included from /usr/include/c++/5/iosfwd:40:0,
                 from /usr/include/c++/5/ios:38,
                 from /usr/include/c++/5/ostream:38,
                 from /usr/include/c++/5/iostream:39,
                 from /home/matthew/cis118/week8/Week8MatthewMorleyProg4Eat.cpp:1:
/usr/include/c++/5/bits/postypes.h:216:5: note: candidate: template<class _StateT> bool std::operator==(const std::fpos<_StateT>&, const std::fpos<_StateT>&)
     operator==(const fpos<_StateT>& __lhs, const fpos<_StateT>& __rhs)
     ^
/usr/include/c++/5/bits/postypes.h:216:5: note:   template argument deduction/substitution failed:
/home/matthew/cis118/week8/Week8MatthewMorleyProg4Eat.cpp:26:47: note:   'std::__cxx11::string {aka std::__cxx11::basic_string<char>}' is not derived from 'const std::fpos<_StateT>'
                     if (haveTransportation == 'yes') {
                                               ^
In file included from /usr/include/c++/5/bits/stl_algobase.h:64:0,
                 from /usr/include/c++/5/bits/char_traits.h:39,
                 from /usr/include/c++/5/ios:40,
                 from /usr/include/c++/5/ostream:38,
                 from /usr/include/c++/5/iostream:39,
                 from /home/matthew/cis118/week8/Week8MatthewMorleyProg4Eat.cpp:1:
/usr/include/c++/5/bits/stl_pair.h:214:5: note: candidate: template<class _T1, class _T2> bool std::operator==(const std::pair<_T1, _T2>&, const std::pair<_T1, _T2>&)
     operator==(const pair<_T1, _T2>& __x, const pair<_T1, _T2>& __y)
     ^
/usr/include/c++/5/bits/stl_pair.h:214:5: note:   template argument deduction/substitution failed:
/home/matthew/cis118/week8/Week8MatthewMorleyProg4Eat.cpp:26:47: note:   'std::__cxx11::string {aka std::__cxx11::basic_string<char>}' is not derived from 'const std::pair<_T1, _T2>'
                     if (haveTransportation == 'yes') {
                                               ^
In file included from /usr/include/c++/5/bits/stl_algobase.h:67:0,
                 from /usr/include/c++/5/bits/char_traits.h:39,
                 from /usr/include/c++/5/ios:40,
                 from /usr/include/c++/5/ostream:38,
                 from /usr/include/c++/5/iostream:39,
                 from /home/matthew/cis118/week8/Week8MatthewMorleyProg4Eat.cpp:1:
/usr/include/c++/5/bits/stl_iterator.h:292:5: note: candidate: template<class _Iterator> bool std::operator==(const std::reverse_iterator<_Iterator>&, const std::reverse_iterator<_Iterator>&)
     operator==(const reverse_iterator<_Iterator>& __x,
     ^
/usr/include/c++/5/bits/stl_iterator.h:292:5: note:   template argument deduction/substitution failed:
/home/matthew/cis118/week8/Week8MatthewMorleyProg4Eat.cpp:26:47: note:   'std::__cxx11::string {aka std::__cxx11::basic_string<char>}' is not derived from 'const std::reverse_iterator<_Iterator>'
                     if (haveTransportation == 'yes') {
                                               ^
In file included from /usr/include/c++/5/bits/stl_algobase.h:67:0,
                 from /usr/include/c++/5/bits/char_traits.h:39,
                 from /usr/include/c++/5/ios:40,
                 from /usr/include/c++/5/ostream:38,
                 from /usr/include/c++/5/iostream:39,
                 from /home/matthew/cis118/week8/Week8MatthewMorleyProg4Eat.cpp:1:
/usr/include/c++/5/bits/stl_iterator.h:342:5: note: candidate: template<class _IteratorL, class _IteratorR> bool std::operator==(const std::reverse_iterator<_Iterator>&, const std::reverse_iterator<_IteratorR>&)
     operator==(const reverse_iterator<_IteratorL>& __x,
     ^
/usr/include/c++/5/bits/stl_iterator.h:342:5: note:   template argument deduction/substitution failed:
/home/matthew/cis118/week8/Week8MatthewMorleyProg4Eat.cpp:26:47: note:   'std::__cxx11::string {aka std::__cxx11::basic_string<char>}' is not derived from 'const std::reverse_iterator<_Iterator>'
                     if (haveTransportation == 'yes') {
                                               ^
In file included from /usr/include/c++/5/string:41:0,
                 from /usr/include/c++/5/bits/locale_classes.h:40,
                 from /usr/include/c++/5/bits/ios_base.h:41,
                 from /usr/include/c++/5/ios:42,
                 from /usr/include/c++/5/ostream:38,
                 from /usr/include/c++/5/iostream:39,
                 from /home/matthew/cis118/week8/Week8MatthewMorleyProg4Eat.cpp:1:
/usr/include/c++/5/bits/allocator.h:128:5: note: candidate: template<class _T1, class _T2> bool std::operator==(const std::allocator<_CharT>&, const std::allocator<_T2>&)
     operator==(const allocator<_T1>&, const allocator<_T2>&)
     ^
/usr/include/c++/5/bits/allocator.h:128:5: note:   template argument deduction/substitution failed:
/home/matthew/cis118/week8/Week8MatthewMorleyProg4Eat.cpp:26:47: note:   'std::__cxx11::string {aka std::__cxx11::basic_string<char>}' is not derived from 'const std::allocator<_CharT>'
                     if (haveTransportation == 'yes') {
                                               ^
In file included from /usr/include/c++/5/string:41:0,
                 from /usr/include/c++/5/bits/locale_classes.h:40,
                 from /usr/include/c++/5/bits/ios_base.h:41,
                 from /usr/include/c++/5/ios:42,
                 from /usr/include/c++/5/ostream:38,
                 from /usr/include/c++/5/iostream:39,
                 from /home/matthew/cis118/week8/Week8MatthewMorleyProg4Eat.cpp:1:
/usr/include/c++/5/bits/allocator.h:134:5: note: candidate: template<class _Tp> bool std::operator==(const std::allocator<_CharT>&, const std::allocator<_CharT>&)
     operator==(const allocator<_Tp>&, const allocator<_Tp>&)
     ^
/usr/include/c++/5/bits/allocator.h:134:5: note:   template argument deduction/substitution failed:
/home/matthew/cis118/week8/Week8MatthewMorleyProg4Eat.cpp:26:47: note:   'std::__cxx11::string {aka std::__cxx11::basic_string<char>}' is not derived from 'const std::allocator<_CharT>'
                     if (haveTransportation == 'yes') {
                                               ^
In file included from /usr/include/c++/5/string:52:0,
                 from /usr/include/c++/5/bits/locale_classes.h:40,
                 from /usr/include/c++/5/bits/ios_base.h:41,
                 from /usr/include/c++/5/ios:42,
                 from /usr/include/c++/5/ostream:38,
                 from /usr/include/c++/5/iostream:39,
                 from /home/matthew/cis118/week8/Week8MatthewMorleyProg4Eat.cpp:1:
/usr/include/c++/5/bits/basic_string.h:4904:5: note: candidate: template<class _CharT, class _Traits, class _Alloc> bool std::operator==(const std::__cxx11::basic_string<_CharT, _Traits, _Alloc>&, const std::__cxx11::basic_string<_CharT, _Traits, _Alloc>&)
     operator==(const basic_string<_CharT, _Traits, _Alloc>& __lhs,
     ^
/usr/include/c++/5/bits/basic_string.h:4904:5: note:   template argument deduction/substitution failed:
/home/matthew/cis118/week8/Week8MatthewMorleyProg4Eat.cpp:26:47: note:   mismatched types 'const std::__cxx11::basic_string<_CharT, _Traits, _Alloc>' and 'int'
                     if (haveTransportation == 'yes') {
                                               ^
In file included from /usr/include/c++/5/string:52:0,
                 from /usr/include/c++/5/bits/locale_classes.h:40,
                 from /usr/include/c++/5/bits/ios_base.h:41,
                 from /usr/include/c++/5/ios:42,
                 from /usr/include/c++/5/ostream:38,
                 from /usr/include/c++/5/iostream:39,
                 from /home/matthew/cis118/week8/Week8MatthewMorleyProg4Eat.cpp:1:
/usr/include/c++/5/bits/basic_string.h:4911:5: note: candidate: template<class _CharT> typename __gnu_cxx::__enable_if<std::__is_char<_Tp>::__value, bool>::__type std::operator==(const std::__cxx11::basic_string<_CharT>&, const std::__cxx11::basic_string<_CharT>&)
     operator==(const basic_string<_CharT>& __lhs,
     ^
/usr/include/c++/5/bits/basic_string.h:4911:5: note:   template argument deduction/substitution failed:
/home/matthew/cis118/week8/Week8MatthewMorleyProg4Eat.cpp:26:47: note:   mismatched types 'const std::__cxx11::basic_string<_CharT>' and 'int'
                     if (haveTransportation == 'yes') {
                                               ^
In file included from /usr/include/c++/5/string:52:0,
                 from /usr/include/c++/5/bits/locale_classes.h:40,
                 from /usr/include/c++/5/bits/ios_base.h:41,
                 from /usr/include/c++/5/ios:42,
                 from /usr/include/c++/5/ostream:38,
                 from /usr/include/c++/5/iostream:39,
                 from /home/matthew/cis118/week8/Week8MatthewMorleyProg4Eat.cpp:1:
/usr/include/c++/5/bits/basic_string.h:4925:5: note: candidate: template<class _CharT, class _Traits, class _Alloc> bool std::operator==(const _CharT*, const std::__cxx11::basic_string<_CharT, _Traits, _Alloc>&)
     operator==(const _CharT* __lhs,
     ^
/usr/include/c++/5/bits/basic_string.h:4925:5: note:   template argument deduction/substitution failed:

[/home/matthew/cis118/week8/Week8MatthewMorleyProg4Eat.cpp 2018-10-04 17:33:18.147]
/home/matthew/cis118/week8/Week8MatthewMorleyProg4Eat.cpp:26:47: note:   mismatched types 'const _CharT*' and 'std::__cxx11::basic_string<char>'
                     if (haveTransportation == 'yes') {
                                               ^
In file included from /usr/include/c++/5/string:52:0,
                 from /usr/include/c++/5/bits/locale_classes.h:40,
                 from /usr/include/c++/5/bits/ios_base.h:41,
                 from /usr/include/c++/5/ios:42,
                 from /usr/include/c++/5/ostream:38,
                 from /usr/include/c++/5/iostream:39,
                 from /home/matthew/cis118/week8/Week8MatthewMorleyProg4Eat.cpp:1:
/usr/include/c++/5/bits/basic_string.h:4937:5: note: candidate: template<class _CharT, class _Traits, class _Alloc> bool std::operator==(const std::__cxx11::basic_string<_CharT, _Traits, _Alloc>&, const _CharT*)
     operator==(const basic_string<_CharT, _Traits, _Alloc>& __lhs,
     ^
/usr/include/c++/5/bits/basic_string.h:4937:5: note:   template argument deduction/substitution failed:
/home/matthew/cis118/week8/Week8MatthewMorleyProg4Eat.cpp:26:47: note:   mismatched types 'const _CharT*' and 'int'
                     if (haveTransportation == 'yes') {
                                               ^
In file included from /usr/include/c++/5/bits/locale_facets.h:48:0,
                 from /usr/include/c++/5/bits/basic_ios.h:37,
                 from /usr/include/c++/5/ios:44,
                 from /usr/include/c++/5/ostream:38,
                 from /usr/include/c++/5/iostream:39,
                 from /home/matthew/cis118/week8/Week8MatthewMorleyProg4Eat.cpp:1:
/usr/include/c++/5/bits/streambuf_iterator.h:204:5: note: candidate: template<class _CharT, class _Traits> bool std::operator==(const std::istreambuf_iterator<_CharT, _Traits>&, const std::istreambuf_iterator<_CharT, _Traits>&)
     operator==(const istreambuf_iterator<_CharT, _Traits>& __a,
     ^
/usr/include/c++/5/bits/streambuf_iterator.h:204:5: note:   template argument deduction/substitution failed:
/home/matthew/cis118/week8/Week8MatthewMorleyProg4Eat.cpp:26:47: note:   'std::__cxx11::string {aka std::__cxx11::basic_string<char>}' is not derived from 'const std::istreambuf_iterator<_CharT, _Traits>'
                     if (haveTransportation == 'yes') {
                                               ^
In file included from /usr/include/x86_64-linux-gnu/c++/5/bits/c++allocator.h:33:0,
                 from /usr/include/c++/5/bits/allocator.h:46,
                 from /usr/include/c++/5/string:41,
                 from /usr/include/c++/5/bits/locale_classes.h:40,
                 from /usr/include/c++/5/bits/ios_base.h:41,
                 from /usr/include/c++/5/ios:42,
                 from /usr/include/c++/5/ostream:38,
                 from /usr/include/c++/5/iostream:39,
                 from /home/matthew/cis118/week8/Week8MatthewMorleyProg4Eat.cpp:1:
/usr/include/c++/5/ext/new_allocator.h:139:5: note: candidate: template<class _Tp> bool __gnu_cxx::operator==(const __gnu_cxx::new_allocator<_Tp>&, const __gnu_cxx::new_allocator<_Tp>&)
     operator==(const new_allocator<_Tp>&, const new_allocator<_Tp>&)
     ^
/usr/include/c++/5/ext/new_allocator.h:139:5: note:   template argument deduction/substitution failed:
/home/matthew/cis118/week8/Week8MatthewMorleyProg4Eat.cpp:26:47: note:   'std::__cxx11::string {aka std::__cxx11::basic_string<char>}' is not derived from 'const __gnu_cxx::new_allocator<_Tp>'
                     if (haveTransportation == 'yes') {
                                               ^
In file included from /usr/include/c++/5/bits/stl_algobase.h:67:0,
                 from /usr/include/c++/5/bits/char_traits.h:39,
                 from /usr/include/c++/5/ios:40,
                 from /usr/include/c++/5/ostream:38,
                 from /usr/include/c++/5/iostream:39,
                 from /home/matthew/cis118/week8/Week8MatthewMorleyProg4Eat.cpp:1:
/usr/include/c++/5/bits/stl_iterator.h:827:5: note: candidate: template<class _Iterator, class _Container> bool __gnu_cxx::operator==(const __gnu_cxx::__normal_iterator<_Iterator, _Container>&, const __gnu_cxx::__normal_iterator<_Iterator, _Container>&)
     operator==(const __normal_iterator<_Iterator, _Container>& __lhs,
     ^
/usr/include/c++/5/bits/stl_iterator.h:827:5: note:   template argument deduction/substitution failed:
/home/matthew/cis118/week8/Week8MatthewMorleyProg4Eat.cpp:26:47: note:   'std::__cxx11::string {aka std::__cxx11::basic_string<char>}' is not derived from 'const __gnu_cxx::__normal_iterator<_Iterator, _Container>'
                     if (haveTransportation == 'yes') {
                                               ^
In file included from /usr/include/c++/5/bits/stl_algobase.h:67:0,
                 from /usr/include/c++/5/bits/char_traits.h:39,
                 from /usr/include/c++/5/ios:40,
                 from /usr/include/c++/5/ostream:38,
                 from /usr/include/c++/5/iostream:39,
                 from /home/matthew/cis118/week8/Week8MatthewMorleyProg4Eat.cpp:1:
/usr/include/c++/5/bits/stl_iterator.h:820:5: note: candidate: template<class _IteratorL, class _IteratorR, class _Container> bool __gnu_cxx::operator==(const __gnu_cxx::__normal_iterator<_IteratorL, _Container>&, const __gnu_cxx::__normal_iterator<_IteratorR, _Container>&)
     operator==(const __normal_iterator<_IteratorL, _Container>& __lhs,
     ^
/usr/include/c++/5/bits/stl_iterator.h:820:5: note:   template argument deduction/substitution failed:
/home/matthew/cis118/week8/Week8MatthewMorleyProg4Eat.cpp:26:47: note:   'std::__cxx11::string {aka std::__cxx11::basic_string<char>}' is not derived from 'const __gnu_cxx::__normal_iterator<_IteratorL, _Container>'
                     if (haveTransportation == 'yes') {
                                               ^

[/home/matthew/cis118/week8/Week8MatthewMorleyProg4Eat.cpp 2018-10-04 17:36:32.879]
/home/matthew/cis118/week8/Week8MatthewMorleyProg4Eat.cpp: In function 'int main()':
/home/matthew/cis118/week8/Week8MatthewMorleyProg4Eat.cpp:41:1: error: expected ';' before '}' token
 }
 ^

[/home/matthew/cis118/week8/Week8MatthewMorleyProg5Fix.cpp 2018-10-04 17:44:48.550]
/home/matthew/cis118/week8/Week8MatthewMorleyProg5Fix.cpp:1:9: error: #include expects "FILENAME" or <FILENAME>

[/home/matthew/cis118/week8/Week8MatthewMorleyProg5Fix.cpp 2018-10-04 17:44:48.551]
/home/matthew/cis118/week8/Week8MatthewMorleyProg5Fix.cpp:2:1: error: expected unqualified-id before '<' token
 <iostream>
 ^

[/home/matthew/cis118/week8/Week8MatthewMorleyProg5Fix.cpp 2018-10-04 17:44:48.552]
/home/matthew/cis118/week8/Week8MatthewMorleyProg5Fix.cpp: In function 'int main()':
/home/matthew/cis118/week8/Week8MatthewMorleyProg5Fix.cpp:9:1: error: 'Cascading' was not declared in this scope
 Cascading 
 ^

[/home/matthew/cis118/week8/Week8MatthewMorleyProg5Fix.cpp 2018-10-04 17:44:48.553]
/home/matthew/cis118/week8/Week8MatthewMorleyProg5Fix.cpp:16:1: error: 'assign' was not declared in this scope
 assign initial value
 ^

[/home/matthew/cis118/week8/Week8MatthewMorleyProg5Fix.cpp 2018-10-04 17:44:48.553]
/home/matthew/cis118/week8/Week8MatthewMorleyProg5Fix.cpp:20:1: error: 'cin' was not declared in this scope
 cin >> gradePoints;
 ^

[/home/matthew/cis118/week8/Week8MatthewMorleyProg5Fix.cpp 2018-10-04 17:44:48.554]
/home/matthew/cis118/week8/Week8MatthewMorleyProg5Fix.cpp:20:8: error: 'gradePoints' was not declared in this scope
 cin >> gradePoints;
        ^

[/home/matthew/cis118/week8/Week8MatthewMorleyProg5Fix.cpp 2018-10-04 17:44:48.555]
/home/matthew/cis118/week8/Week8MatthewMorleyProg5Fix.cpp:22:25: error: 'cout' was not declared in this scope
 ( gradePoints >= 90 ) { cout << 
                         ^

[/home/matthew/cis118/week8/Week8MatthewMorleyProg5Fix.cpp 2018-10-04 17:44:48.555]
/home/matthew/cis118/week8/Week8MatthewMorleyProg5Fix.cpp:26:1: error: 'drop' was not declared in this scope
 drop to next line
 ^

[/home/matthew/cis118/week8/Week8MatthewMorleyProg5Fix.cpp 2018-10-04 17:44:48.556]
/home/matthew/cis118/week8/Week8MatthewMorleyProg5Fix.cpp:33:1: error: 'hen' was not declared in this scope
 hen ends here, if false 
 ^

[/home/matthew/cis118/week8/Week8MatthewMorleyProg5Fix.cpp 2018-10-04 17:44:48.556]
/home/matthew/cis118/week8/Week8MatthewMorleyProg5Fix.cpp:41:6: error: expected ';' before 'to'
 drop to next line
      ^

[/home/matthew/cis118/week8/Week8MatthewMorleyProg5Fix.cpp 2018-10-04 17:44:48.558]
/home/matthew/cis118/week8/Week8MatthewMorleyProg5Fix.cpp:48:6: error: expected ';' before 'to'
 drop to ne
      ^

[/home/matthew/cis118/week8/Week8MatthewMorleyProg5Fix.cpp 2018-10-04 17:44:48.559]
/home/matthew/cis118/week8/Week8MatthewMorleyProg5Fix.cpp:55:1: error: 'cout' was not declared in this scope
 cout << endl;
 ^
/home/matthew/cis118/week8/Week8MatthewMorleyProg5Fix.cpp:55:9: error: 'endl' was not declared in this scope
 cout << endl;
         ^
/home/matthew/cis118/week8/Week8MatthewMorleyProg5Fix.cpp:58:1: error: 'system' was not declared in this scope
 );
 ^
/home/matthew/cis118/week8/Week8MatthewMorleyProg5Fix.cpp:59:1: error: 'retur' was not declared in this scope
 retur
 ^

[/home/matthew/cis118/week8/Week8MatthewMorleyProg5Fix.cpp 2018-10-04 17:44:48.560]
/home/matthew/cis118/week8/Week8MatthewMorleyProg5Fix.cpp:59:1: error: expected '}' at end of input

