[2018-09-30 08:20:05.811] [sharedprocess] [info] main {"machineId":"338e6b7e0c6c5e6e7f1e4bcd84667aa5d83b1126aa7910f3277afb761f99a729"}
[2018-09-30 08:20:05.982] [sharedprocess] [info] Scanned user extensions: 2
[2018-09-30 08:20:06.286] [sharedprocess] [info] Scanned system extensions: 71
[2018-09-30 08:20:07.095] [sharedprocess] [info] Scanned user extensions: 2
[2018-09-30 08:20:07.139] [sharedprocess] [info] Scanned user extensions: 2
[2018-09-30 08:20:07.159] [sharedprocess] [info] Scanned user extensions: 2
[2018-09-30 08:20:07.473] [sharedprocess] [info] Scanned system extensions: 71
[2018-09-30 08:20:07.483] [sharedprocess] [info] Scanned system extensions: 71
[2018-09-30 08:20:07.864] [sharedprocess] [info] Scanned user extensions: 2
[2018-09-30 08:20:21.916] [sharedprocess] [info] Scanned user extensions: 2
[2018-09-30 08:20:22.136] [sharedprocess] [info] Scanned system extensions: 71
[2018-09-30 08:20:45.838] [sharedprocess] [info] Starting to clean up unused language packs.
[2018-09-30 08:23:04.632] [sharedprocess] [info] Scanned user extensions: 2
[2018-09-30 08:23:04.811] [sharedprocess] [info] Scanned user extensions: 2
[2018-09-30 08:23:04.817] [sharedprocess] [info] Scanned user extensions: 2
[2018-09-30 08:23:04.826] [sharedprocess] [info] Scanned user extensions: 2
[2018-09-30 08:23:05.280] [sharedprocess] [info] Scanned system extensions: 71
[2018-09-30 08:23:05.299] [sharedprocess] [info] Scanned system extensions: 71
[2018-09-30 08:23:05.316] [sharedprocess] [info] Scanned system extensions: 71
[2018-09-30 08:23:21.240] [sharedprocess] [info] Installing extension: c-cpp-compile-run
[2018-09-30 08:23:21.257] [sharedprocess] [info] Scanned user extensions: 2
[2018-09-30 08:23:21.973] [sharedprocess] [info] Downloaded extension: c-cpp-compile-run /tmp/ef83c9b6-4706-4835-9c1a-0be845aac7d2
[2018-09-30 08:23:22.312] [sharedprocess] [info] Extracted extension to /home/matthew/.vscode/extensions/.danielpinto8zz6.c-cpp-compile-run-0.2.7: danielpinto8zz6.c-cpp-compile-run-0.2.7
[2018-09-30 08:23:22.315] [sharedprocess] [info] Renamed to /home/matthew/.vscode/extensions/danielpinto8zz6.c-cpp-compile-run-0.2.7
[2018-09-30 08:23:22.316] [sharedprocess] [info] Installation completed. danielpinto8zz6.c-cpp-compile-run-0.2.7
[2018-09-30 08:23:22.334] [sharedprocess] [info] Extensions installed successfully: danielpinto8zz6.c-cpp-compile-run
[2018-09-30 08:23:22.488] [sharedprocess] [info] Scanned user extensions: 3
[2018-09-30 08:23:22.555] [sharedprocess] [info] Scanned system extensions: 71
[2018-09-30 08:25:07.962] [sharedprocess] [info] Scanned user extensions: 3
