Starting Jedi Python language engine.
##########Linting Output - pylint##########
##########Linting Output - pylint##########

--------------------------------------------------------------------
Your code has been rated at 10.00/10 (previous run: 10.00/10, +0.00)

##########Linting Output - pylint##########
************* Module test
1,0,error,E0401:Unable to import 'slackclient'

------------------------------------------------------------------
Your code has been rated at 6.43/10 (previous run: 6.43/10, +0.00)

##########Linting Output - pylint##########

--------------------------------------------------------------------
Your code has been rated at 10.00/10 (previous run: 10.00/10, +0.00)

##########Linting Output - pylint##########
************* Module bot
3,0,error,E0401:Unable to import 'slackclient'

------------------------------------------------------------------
Your code has been rated at 8.15/10 (previous run: 8.15/10, +0.00)

##########Linting Output - pylint##########

--------------------------------------------------------------------
Your code has been rated at 10.00/10 (previous run: 10.00/10, +0.00)

##########Linting Output - pylint##########

--------------------------------------------------------------------
Your code has been rated at 10.00/10 (previous run: 10.00/10, +0.00)

##########Linting Output - pylint##########
************* Module bot
74,0,error,E0001:invalid syntax (<string>, line 74)
##########Linting Output - pylint##########
************* Module bot
77,0,error,E0001:invalid syntax (<string>, line 77)
##########Linting Output - pylint##########

--------------------------------------------------------------------
Your code has been rated at 10.00/10 (previous run: 10.00/10, +0.00)

##########Linting Output - pylint##########
************* Module bot
85,0,error,E0001:invalid syntax (<string>, line 85)
