Starting Jedi Python language engine.
##########Linting Output - pylint##########
##########Linting Output - pylint##########

------------------------------------
Your code has been rated at 10.00/10

##########Linting Output - pylint##########
************* Module bot
3,0,error,E0401:Unable to import 'slackclient'

-----------------------------------
Your code has been rated at 8.15/10

##########Linting Output - pylint##########

------------------------------------
Your code has been rated at 10.00/10

##########Linting Output - pylint##########

-------------------------------------------------------------------
Your code has been rated at 10.00/10 (previous run: 8.57/10, +1.43)

##########Linting Output - pylint##########
************* Module test
1,0,error,E0401:Unable to import 'slackclient'

-----------------------------------
Your code has been rated at 6.43/10

