Starting Jedi Python language engine.
##########Linting Output - pylint##########
************* Module octoprint_PrusaMeshMap
19,0,error,E0401:Unable to import 'octoprint.plugin'
20,0,error,E0401:Unable to import 'octoprint.printer'
65,8,warning,W0101:Unreachable code
65,8,warning,W0612:Unused variable 'on_event'
196,15,error,E1120:No value for argument 'start' in function call
196,15,error,E1120:No value for argument 'stop' in function call
198,39,error,E0602:Undefined variable 'mesh_y'
198,53,error,E0602:Undefined variable 'mesh_z'
198,8,warning,W0612:Unused variable 'contour'

------------------------------------------------------------------
Your code has been rated at 8.07/10 (previous run: 9.28/10, -1.21)

##########Linting Output - pylint##########
##########Linting Output - pylint##########
##########Linting Output - pylint##########
************* Module octoprint_PrusaMeshMap
19,0,error,E0401:Unable to import 'octoprint.plugin'
20,0,error,E0401:Unable to import 'octoprint.printer'
65,8,warning,W0101:Unreachable code
65,8,warning,W0612:Unused variable 'on_event'
196,8,warning,W0612:Unused variable 'contour'

------------------------------------------------------------------
Your code has been rated at 9.24/10 (previous run: 8.07/10, +1.17)

##########Linting Output - pylint##########
##########Linting Output - pylint##########
************* Module octoprint_PrusaMeshMap
19,0,error,E0401:Unable to import 'octoprint.plugin'
20,0,error,E0401:Unable to import 'octoprint.printer'
65,8,warning,W0101:Unreachable code
65,8,warning,W0612:Unused variable 'on_event'

------------------------------------------------------------------
Your code has been rated at 9.30/10 (previous run: 9.24/10, +0.06)

##########Linting Output - pylint##########
************* Module octoprint_PrusaMeshMap
19,0,error,E0401:Unable to import 'octoprint.plugin'
20,0,error,E0401:Unable to import 'octoprint.printer'
65,8,warning,W0101:Unreachable code
65,8,warning,W0612:Unused variable 'on_event'

------------------------------------------------------------------
Your code has been rated at 9.32/10 (previous run: 9.30/10, +0.02)

##########Linting Output - pylint##########
##########Linting Output - pylint##########
************* Module octoprint_PrusaMeshMap
19,0,error,E0401:Unable to import 'octoprint.plugin'
20,0,error,E0401:Unable to import 'octoprint.printer'
65,8,warning,W0101:Unreachable code
65,8,warning,W0612:Unused variable 'on_event'
##########Linting Output - pylint##########
##########Linting Output - pylint##########
************* Module octoprint_PrusaMeshMap
19,0,error,E0401:Unable to import 'octoprint.plugin'
20,0,error,E0401:Unable to import 'octoprint.printer'
65,8,warning,W0101:Unreachable code
65,8,warning,W0612:Unused variable 'on_event'

------------------------------------------------------------------
Your code has been rated at 9.35/10 (previous run: 9.32/10, +0.03)

##########Linting Output - pylint##########
##########Linting Output - pylint##########
************* Module octoprint_PrusaMeshMap
19,0,error,E0401:Unable to import 'octoprint.plugin'
20,0,error,E0401:Unable to import 'octoprint.printer'
65,8,warning,W0101:Unreachable code
65,8,warning,W0612:Unused variable 'on_event'

------------------------------------------------------------------
Your code has been rated at 9.35/10 (previous run: 9.35/10, +0.00)

##########Linting Output - pylint##########
************* Module octoprint_PrusaMeshMap
19,0,error,E0401:Unable to import 'octoprint.plugin'
20,0,error,E0401:Unable to import 'octoprint.printer'
65,8,warning,W0101:Unreachable code
65,8,warning,W0612:Unused variable 'on_event'

------------------------------------------------------------------
Your code has been rated at 9.35/10 (previous run: 9.35/10, +0.00)

##########Linting Output - pylint##########
##########Linting Output - pylint##########
************* Module octoprint_PrusaMeshMap
19,0,error,E0401:Unable to import 'octoprint.plugin'
20,0,error,E0401:Unable to import 'octoprint.printer'
65,8,warning,W0101:Unreachable code
65,8,warning,W0612:Unused variable 'on_event'

------------------------------------------------------------------
Your code has been rated at 9.35/10 (previous run: 9.35/10, -0.00)

##########Linting Output - pylint##########
************* Module octoprint_PrusaMeshMap
19,0,error,E0401:Unable to import 'octoprint.plugin'
20,0,error,E0401:Unable to import 'octoprint.printer'
65,8,warning,W0101:Unreachable code
65,8,warning,W0612:Unused variable 'on_event'

------------------------------------------------------------------
Your code has been rated at 9.35/10 (previous run: 9.35/10, +0.00)

