[2018-09-30 22:27:21.908] [exthost1] [info] extension host started
[2018-09-30 22:27:22.096] [exthost1] [info] ExtensionService#_doActivateExtension vscode.debug-auto-launch {"startup":true,"activationEvent":"*"}
[2018-09-30 22:27:22.116] [exthost1] [info] ExtensionService#loadCommonJSModule /usr/share/code/resources/app/extensions/debug-auto-launch/out/extension
[2018-09-30 22:27:22.165] [exthost1] [info] ExtensionService#_doActivateExtension vscode.emmet {"startup":true,"activationEvent":"*"}
[2018-09-30 22:27:22.165] [exthost1] [info] ExtensionService#loadCommonJSModule /usr/share/code/resources/app/extensions/emmet/dist/extension
[2018-09-30 22:27:22.361] [exthost1] [info] ExtensionService#_doActivateExtension vscode.git {"startup":true,"activationEvent":"*"}
[2018-09-30 22:27:22.361] [exthost1] [info] ExtensionService#loadCommonJSModule /usr/share/code/resources/app/extensions/git/dist/main
[2018-09-30 22:27:23.132] [exthost1] [info] ExtensionService#_doActivateExtension vscode.merge-conflict {"startup":true,"activationEvent":"*"}
[2018-09-30 22:27:23.132] [exthost1] [info] ExtensionService#loadCommonJSModule /usr/share/code/resources/app/extensions/merge-conflict/out/extension
[2018-09-30 22:27:23.187] [exthost1] [info] ExtensionService#_doActivateExtension vscode.search-rg {"startup":true,"activationEvent":"*"}
[2018-09-30 22:27:23.188] [exthost1] [info] ExtensionService#loadCommonJSModule /usr/share/code/resources/app/extensions/search-rg/out/extension
[2018-09-30 22:27:23.217] [exthost1] [info] eager extensions activated
[2018-09-30 22:27:23.225] [exthost1] [info] ExtensionService#_doActivateExtension vscode.python {"startup":false,"activationEvent":"onLanguage:python"}
[2018-09-30 22:27:23.225] [exthost1] [info] ExtensionService#loadCommonJSModule /usr/share/code/resources/app/extensions/python/out/pythonMain
[2018-09-30 22:27:23.227] [exthost1] [info] ExtensionService#_doActivateExtension ms-python.python {"startup":false,"activationEvent":"onLanguage:python"}
[2018-09-30 22:27:23.227] [exthost1] [info] ExtensionService#loadCommonJSModule /home/matthew/.vscode/extensions/ms-python.python-2018.8.0/out/client/extension
[2018-09-30 22:29:54.423] [exthost1] [warning] ms-python.python -Code actions of kind 'quickfix 'requested but returned code action is of kind 'source.organizeImports'. Code action will be dropped. Please check 'CodeActionContext.only' to only return requested code actions.
[2018-09-30 22:30:13.113] [exthost1] [info] ExtensionService#_doActivateExtension vscode.html-language-features {"startup":false,"activationEvent":"onLanguage:html"}
[2018-09-30 22:30:13.113] [exthost1] [info] ExtensionService#loadCommonJSModule /usr/share/code/resources/app/extensions/html-language-features/client/dist/htmlMain
[2018-09-30 22:30:51.555] [exthost1] [warning] ms-python.python -Code actions of kind 'quickfix 'requested but returned code action is of kind 'source.organizeImports'. Code action will be dropped. Please check 'CodeActionContext.only' to only return requested code actions.
[2018-09-30 22:34:57.609] [exthost1] [warning] ms-python.python -Code actions of kind 'quickfix 'requested but returned code action is of kind 'source.organizeImports'. Code action will be dropped. Please check 'CodeActionContext.only' to only return requested code actions.
[2018-09-30 22:42:53.928] [exthost1] [warning] ms-python.python -Code actions of kind 'quickfix 'requested but returned code action is of kind 'source.organizeImports'. Code action will be dropped. Please check 'CodeActionContext.only' to only return requested code actions.
[2018-09-30 22:51:48.189] [exthost1] [warning] ms-python.python -Code actions of kind 'quickfix 'requested but returned code action is of kind 'source.organizeImports'. Code action will be dropped. Please check 'CodeActionContext.only' to only return requested code actions.
[2018-09-30 22:58:49.698] [exthost1] [warning] ms-python.python -Code actions of kind 'quickfix 'requested but returned code action is of kind 'source.organizeImports'. Code action will be dropped. Please check 'CodeActionContext.only' to only return requested code actions.
[2018-09-30 23:01:21.672] [exthost1] [warning] ms-python.python -Code actions of kind 'quickfix 'requested but returned code action is of kind 'source.organizeImports'. Code action will be dropped. Please check 'CodeActionContext.only' to only return requested code actions.
[2018-09-30 23:04:20.736] [exthost1] [warning] ms-python.python -Code actions of kind 'quickfix 'requested but returned code action is of kind 'source.organizeImports'. Code action will be dropped. Please check 'CodeActionContext.only' to only return requested code actions.
